2024-11-16 20:46:44.342 [info] [main] Log level: Info
2024-11-16 20:46:44.342 [info] [main] Validating found git in: "git"
2024-11-16 20:46:44.342 [info] [main] Using git "2.47.0" from "git"
2024-11-16 20:46:44.342 [info] [Model][doInitialScan] Initial repository scan started
2024-11-16 20:46:44.342 [info] > git rev-parse --show-toplevel [2ms]
2024-11-16 20:46:44.342 [info] > git rev-parse --git-dir --git-common-dir [1ms]
2024-11-16 20:46:44.342 [info] [Model][openRepository] Opened repository: /home/contessa/Documents/Projects/com1008/Assessment1
2024-11-16 20:46:44.342 [info] > git config --get commit.template [4ms]
2024-11-16 20:46:44.343 [info] > git rev-parse --show-toplevel [2ms]
2024-11-16 20:46:44.351 [info] > git for-each-ref --format=%(refname)%00%(upstream:short)%00%(objectname)%00%(upstream:track)%00%(upstream:remotename)%00%(upstream:remoteref) refs/heads/master refs/remotes/master [5ms]
2024-11-16 20:46:44.352 [info] > git rev-parse --show-toplevel [2ms]
2024-11-16 20:46:44.354 [info] [Model][doInitialScan] Initial repository scan completed - repositories (1), closed repositories (0), parent repositories (0), unsafe repositories (0)
2024-11-16 20:46:44.366 [info] > git for-each-ref --sort -committerdate --format %(refname) %(objectname) %(*objectname) [2ms]
2024-11-16 20:46:44.378 [info] > git status -z -uall [19ms]
2024-11-16 20:46:44.391 [info] > git for-each-ref --format=%(refname)%00%(upstream:short)%00%(objectname)%00%(upstream:track)%00%(upstream:remotename)%00%(upstream:remoteref) refs/heads/master refs/remotes/master [6ms]
2024-11-16 20:46:44.398 [info] > git config --local branch.master.vscode-merge-base [2ms]
2024-11-16 20:46:44.398 [warning] [Git][config] git config failed: Failed to execute git
2024-11-16 20:46:44.402 [info] > git config --get commit.template [12ms]
2024-11-16 20:46:44.408 [info] > git for-each-ref --format=%(refname)%00%(upstream:short)%00%(objectname)%00%(upstream:track)%00%(upstream:remotename)%00%(upstream:remoteref) refs/heads/master refs/remotes/master [0ms]
2024-11-16 20:46:44.414 [info] > git reflog master --grep-reflog=branch: Created from *. [12ms]
2024-11-16 20:46:44.417 [info] > git for-each-ref --sort -committerdate --format %(refname) %(objectname) %(*objectname) [3ms]
2024-11-16 20:46:44.418 [info] > git symbolic-ref --short refs/remotes/origin/HEAD [1ms]
2024-11-16 20:46:44.418 [info] fatal: ref refs/remotes/origin/HEAD is not a symbolic ref
2024-11-16 20:46:44.418 [warning] [Repository][getDefaultBranch] Failed to get default branch details: Failed to execute git.
2024-11-16 20:46:44.433 [info] > git status -z -uall [22ms]
2024-11-16 20:46:44.433 [info] > git merge-base refs/heads/master refs/remotes/origin/master [12ms]
2024-11-16 20:46:44.467 [info] > git merge-base refs/heads/master refs/remotes/origin/master [26ms]
2024-11-16 20:46:44.470 [info] > git diff --name-status -z --diff-filter=ADMR f6ededb53a39ae2c556fddff29fde5f918c49f3e...refs/remotes/origin/master [34ms]
2024-11-16 20:46:44.483 [info] > git diff --name-status -z --diff-filter=ADMR f6ededb53a39ae2c556fddff29fde5f918c49f3e...refs/remotes/origin/master [13ms]
2024-11-16 20:46:44.643 [info] > git show --textconv :design.html [3ms]
2024-11-16 20:46:44.644 [info] > git ls-files --stage -- /home/contessa/Documents/Projects/com1008/Assessment1/design.html [1ms]
2024-11-16 20:46:44.648 [info] > git cat-file -s 5d1e04bfa7a332d178fa6c2ee94355187bcdf88c [1ms]
2024-11-16 20:46:44.786 [info] > git fetch [453ms]
2024-11-16 20:46:44.786 [info] Missing or invalid credentials.
Skip silent fetch commands
Missing or invalid credentials.
Skip silent fetch commands
remote: Repository not found.
fatal: Authentication failed for 'https://github.com/ShadowPlagueXx/webassess1.git/'
2024-11-16 20:46:44.799 [info] > git config --get commit.template [7ms]
2024-11-16 20:46:44.800 [info] > git for-each-ref --format=%(refname)%00%(upstream:short)%00%(objectname)%00%(upstream:track)%00%(upstream:remotename)%00%(upstream:remoteref) refs/heads/master refs/remotes/master [2ms]
2024-11-16 20:46:44.814 [info] > git for-each-ref --sort -committerdate --format %(refname) %(objectname) %(*objectname) [2ms]
2024-11-16 20:46:44.823 [info] > git status -z -uall [15ms]
2024-11-16 20:46:44.884 [info] > git check-ignore -v -z --stdin [2ms]
2024-11-16 20:46:45.577 [info] > git ls-files --stage -- /home/contessa/Documents/Projects/com1008/Assessment1/design.html [1ms]
2024-11-16 20:46:45.585 [info] > git cat-file -s 5d1e04bfa7a332d178fa6c2ee94355187bcdf88c [1ms]
2024-11-16 20:46:45.593 [info] > git show --textconv :design.html [2ms]
2024-11-16 20:47:00.119 [info] [main] Log level: Info
2024-11-16 20:47:00.119 [info] [main] Validating found git in: "git"
2024-11-16 20:47:00.119 [info] [main] Using git "2.47.0" from "git"
2024-11-16 20:47:00.119 [info] [Model][doInitialScan] Initial repository scan started
2024-11-16 20:47:00.119 [info] > git rev-parse --show-toplevel [1ms]
2024-11-16 20:47:00.122 [info] > git rev-parse --git-dir --git-common-dir [4ms]
2024-11-16 20:47:00.131 [info] [Model][openRepository] Opened repository: /home/contessa/archdots
2024-11-16 20:47:00.140 [info] > git config --get commit.template [3ms]
2024-11-16 20:47:00.178 [info] > git for-each-ref --format=%(refname)%00%(upstream:short)%00%(objectname)%00%(upstream:track)%00%(upstream:remotename)%00%(upstream:remoteref) refs/heads/main refs/remotes/main [5ms]
2024-11-16 20:47:00.179 [info] > git rev-parse --show-toplevel [1ms]
2024-11-16 20:47:00.191 [info] > git status -z -uall [4ms]
2024-11-16 20:47:00.191 [info] > git rev-parse --show-toplevel [8ms]
2024-11-16 20:47:00.195 [info] > git for-each-ref --sort -committerdate --format %(refname) %(objectname) %(*objectname) [5ms]
2024-11-16 20:47:00.206 [info] > git for-each-ref --format=%(refname)%00%(upstream:short)%00%(objectname)%00%(upstream:track)%00%(upstream:remotename)%00%(upstream:remoteref) refs/heads/main refs/remotes/main [5ms]
2024-11-16 20:47:00.211 [info] > git rev-parse --show-toplevel [17ms]
2024-11-16 20:47:00.216 [info] > git config --local branch.main.vscode-merge-base [6ms]
2024-11-16 20:47:00.220 [info] > git config --get commit.template [14ms]
2024-11-16 20:47:00.221 [info] > git for-each-ref --format=%(refname)%00%(upstream:short)%00%(objectname)%00%(upstream:track)%00%(upstream:remotename)%00%(upstream:remoteref) refs/heads/origin/main refs/remotes/origin/main [2ms]
2024-11-16 20:47:00.230 [info] > git rev-parse --show-toplevel [14ms]
2024-11-16 20:47:00.261 [info] > git merge-base refs/heads/main refs/remotes/origin/main [37ms]
2024-11-16 20:47:00.277 [info] > git diff --name-status -z --diff-filter=ADMR adafd38476013f7d87c3027d542b65e2a95b18e6...refs/remotes/origin/main [12ms]
2024-11-16 20:47:00.277 [info] > git rev-parse --show-toplevel [19ms]
2024-11-16 20:47:00.277 [info] > git for-each-ref --format=%(refname)%00%(upstream:short)%00%(objectname)%00%(upstream:track)%00%(upstream:remotename)%00%(upstream:remoteref) refs/heads/main refs/remotes/main [22ms]
2024-11-16 20:47:00.290 [info] > git status -z -uall [4ms]
2024-11-16 20:47:00.290 [info] > git rev-parse --show-toplevel [8ms]
2024-11-16 20:47:00.333 [info] > git for-each-ref --sort -committerdate --format %(refname) %(objectname) %(*objectname) [43ms]
2024-11-16 20:47:00.339 [info] > git rev-parse --show-toplevel [7ms]
2024-11-16 20:47:00.344 [info] > git rev-parse --show-toplevel [1ms]
2024-11-16 20:47:00.348 [info] > git rev-parse --show-toplevel [1ms]
2024-11-16 20:47:00.350 [info] [Model][doInitialScan] Initial repository scan completed - repositories (1), closed repositories (0), parent repositories (0), unsafe repositories (0)
2024-11-16 20:47:00.413 [info] > git fetch [282ms]
2024-11-16 20:47:00.421 [info] > git config --get commit.template [2ms]
2024-11-16 20:47:00.428 [info] > git for-each-ref --format=%(refname)%00%(upstream:short)%00%(objectname)%00%(upstream:track)%00%(upstream:remotename)%00%(upstream:remoteref) refs/heads/main refs/remotes/main [2ms]
2024-11-16 20:47:00.442 [info] > git status -z -uall [8ms]
2024-11-16 20:47:00.443 [info] > git for-each-ref --sort -committerdate --format %(refname) %(objectname) %(*objectname) [3ms]
2024-11-16 20:47:00.454 [info] > git show --textconv :README.md [5ms]
2024-11-16 20:47:00.455 [info] > git ls-files --stage -- /home/contessa/archdots/README.md [2ms]
2024-11-16 20:47:00.460 [info] > git cat-file -s de41873c4ead8802ec2dbb157e6e23658d5163a1 [1ms]
2024-11-16 20:47:00.668 [info] > git check-ignore -v -z --stdin [1ms]
2024-11-16 20:47:01.516 [info] > git config --get commit.template [6ms]
2024-11-16 20:47:01.517 [info] > git for-each-ref --format=%(refname)%00%(upstream:short)%00%(objectname)%00%(upstream:track)%00%(upstream:remotename)%00%(upstream:remoteref) refs/heads/main refs/remotes/main [1ms]
2024-11-16 20:47:01.528 [info] > git status -z -uall [5ms]
2024-11-16 20:47:01.530 [info] > git for-each-ref --sort -committerdate --format %(refname) %(objectname) %(*objectname) [2ms]
2024-11-16 20:47:01.617 [info] > git ls-files --stage -- /home/contessa/archdots/README.md [2ms]
2024-11-16 20:47:01.622 [info] > git cat-file -s de41873c4ead8802ec2dbb157e6e23658d5163a1 [1ms]
2024-11-16 20:47:01.630 [info] > git show --textconv :README.md [2ms]
2024-11-16 20:52:00.135 [info] > git config --get commit.template [1ms]
2024-11-16 20:52:00.141 [info] > git for-each-ref --format=%(refname)%00%(upstream:short)%00%(objectname)%00%(upstream:track)%00%(upstream:remotename)%00%(upstream:remoteref) refs/heads/main refs/remotes/main [2ms]
2024-11-16 20:52:00.157 [info] > git status -z -uall [10ms]
2024-11-16 20:52:00.158 [info] > git for-each-ref --sort -committerdate --format %(refname) %(objectname) %(*objectname) [2ms]
2024-11-16 20:52:00.390 [info] > git fetch [262ms]
2024-11-16 20:52:00.405 [info] > git config --get commit.template [7ms]
2024-11-16 20:52:00.406 [info] > git for-each-ref --format=%(refname)%00%(upstream:short)%00%(objectname)%00%(upstream:track)%00%(upstream:remotename)%00%(upstream:remoteref) refs/heads/main refs/remotes/main [2ms]
2024-11-16 20:52:00.420 [info] > git status -z -uall [8ms]
2024-11-16 20:52:00.422 [info] > git for-each-ref --sort -committerdate --format %(refname) %(objectname) %(*objectname) [3ms]
2024-11-16 20:52:01.628 [info] > git ls-files --stage -- /home/contessa/archdots/README.md [2ms]
2024-11-16 20:52:01.636 [info] > git cat-file -s de41873c4ead8802ec2dbb157e6e23658d5163a1 [2ms]
2024-11-16 20:52:01.646 [info] > git show --textconv :README.md [2ms]
2024-11-16 20:52:06.098 [info] > git config --get commit.template [10ms]
2024-11-16 20:52:06.099 [info] > git for-each-ref --format=%(refname)%00%(upstream:short)%00%(objectname)%00%(upstream:track)%00%(upstream:remotename)%00%(upstream:remoteref) refs/heads/main refs/remotes/main [3ms]
2024-11-16 20:52:06.120 [info] > git status -z -uall [10ms]
2024-11-16 20:52:06.122 [info] > git for-each-ref --sort -committerdate --format %(refname) %(objectname) %(*objectname) [3ms]
2024-11-16 21:14:30.228 [info] > git fetch [255ms]
2024-11-16 21:14:30.243 [info] > git config --get commit.template [7ms]
2024-11-16 21:14:30.244 [info] > git for-each-ref --format=%(refname)%00%(upstream:short)%00%(objectname)%00%(upstream:track)%00%(upstream:remotename)%00%(upstream:remoteref) refs/heads/main refs/remotes/main [2ms]
2024-11-16 21:14:30.256 [info] > git status -z -uall [6ms]
2024-11-16 21:14:30.258 [info] > git for-each-ref --sort -committerdate --format %(refname) %(objectname) %(*objectname) [2ms]
2024-11-16 21:14:35.220 [info] > git config --get commit.template [7ms]
2024-11-16 21:14:35.226 [info] > git ls-files --stage -- /home/contessa/archdots/README.md [6ms]
2024-11-16 21:14:35.234 [info] > git for-each-ref --format=%(refname)%00%(upstream:short)%00%(objectname)%00%(upstream:track)%00%(upstream:remotename)%00%(upstream:remoteref) refs/heads/main refs/remotes/main [9ms]
2024-11-16 21:14:35.235 [info] > git cat-file -s de41873c4ead8802ec2dbb157e6e23658d5163a1 [2ms]
2024-11-16 21:14:35.254 [info] > git status -z -uall [13ms]
2024-11-16 21:14:35.254 [info] > git for-each-ref --sort -committerdate --format %(refname) %(objectname) %(*objectname) [7ms]
2024-11-16 21:14:35.257 [info] > git show --textconv :README.md [3ms]
2024-11-16 21:17:25.053 [info] > git config --get commit.template [8ms]
2024-11-16 21:17:25.054 [info] > git for-each-ref --format=%(refname)%00%(upstream:short)%00%(objectname)%00%(upstream:track)%00%(upstream:remotename)%00%(upstream:remoteref) refs/heads/main refs/remotes/main [2ms]
2024-11-16 21:17:25.069 [info] > git status -z -uall [7ms]
2024-11-16 21:17:25.070 [info] > git for-each-ref --sort -committerdate --format %(refname) %(objectname) %(*objectname) [2ms]
2024-11-16 21:56:33.652 [info] > git fetch [297ms]
2024-11-16 21:56:33.668 [info] > git config --get commit.template [7ms]
2024-11-16 21:56:33.668 [info] > git for-each-ref --format=%(refname)%00%(upstream:short)%00%(objectname)%00%(upstream:track)%00%(upstream:remotename)%00%(upstream:remoteref) refs/heads/main refs/remotes/main [1ms]
2024-11-16 21:56:33.682 [info] > git status -z -uall [7ms]
2024-11-16 21:56:33.683 [info] > git for-each-ref --sort -committerdate --format %(refname) %(objectname) %(*objectname) [1ms]
2024-11-16 21:56:34.788 [info] > git config --get commit.template [7ms]
2024-11-16 21:56:34.789 [info] > git for-each-ref --format=%(refname)%00%(upstream:short)%00%(objectname)%00%(upstream:track)%00%(upstream:remotename)%00%(upstream:remoteref) refs/heads/main refs/remotes/main [1ms]
2024-11-16 21:56:34.798 [info] > git status -z -uall [5ms]
2024-11-16 21:56:34.799 [info] > git for-each-ref --sort -committerdate --format %(refname) %(objectname) %(*objectname) [2ms]
2024-11-16 21:56:34.887 [info] > git ls-files --stage -- /home/contessa/archdots/README.md [1ms]
2024-11-16 21:56:34.894 [info] > git cat-file -s de41873c4ead8802ec2dbb157e6e23658d5163a1 [1ms]
2024-11-16 21:56:34.903 [info] > git show --textconv :README.md [1ms]
2024-11-16 21:56:41.017 [info] > git check-ignore -v -z --stdin [2ms]
2024-11-16 21:56:41.649 [info] > git check-ignore -v -z --stdin [1ms]
2024-11-16 21:56:42.267 [info] > git show --textconv :Thunar/accels.scm [7ms]
2024-11-16 21:56:42.268 [info] > git ls-files --stage -- /home/contessa/archdots/Thunar/accels.scm [1ms]
2024-11-16 21:56:42.276 [info] > git cat-file -s 6090185cecf6670c917a48a2ff0cb31e281f25de [1ms]
2024-11-16 21:56:43.064 [info] > git show --textconv :nvim/init.vim [7ms]
2024-11-16 21:56:43.065 [info] > git ls-files --stage -- /home/contessa/archdots/nvim/init.vim [1ms]
2024-11-16 22:09:41.261 [info] > git fetch [297ms]
2024-11-16 22:09:41.277 [info] > git config --get commit.template [7ms]
2024-11-16 22:09:41.278 [info] > git for-each-ref --format=%(refname)%00%(upstream:short)%00%(objectname)%00%(upstream:track)%00%(upstream:remotename)%00%(upstream:remoteref) refs/heads/main refs/remotes/main [1ms]
2024-11-16 22:09:41.291 [info] > git status -z -uall [6ms]
2024-11-16 22:09:41.292 [info] > git for-each-ref --sort -committerdate --format %(refname) %(objectname) %(*objectname) [1ms]
2024-11-16 22:09:42.400 [info] > git config --get commit.template [8ms]
2024-11-16 22:09:42.401 [info] > git for-each-ref --format=%(refname)%00%(upstream:short)%00%(objectname)%00%(upstream:track)%00%(upstream:remotename)%00%(upstream:remoteref) refs/heads/main refs/remotes/main [1ms]
2024-11-16 22:09:42.416 [info] > git status -z -uall [8ms]
2024-11-16 22:09:42.417 [info] > git for-each-ref --sort -committerdate --format %(refname) %(objectname) %(*objectname) [2ms]
2024-11-16 22:09:42.497 [info] > git ls-files --stage -- /home/contessa/archdots/nvim/init.vim [1ms]
2024-11-16 22:09:42.505 [info] > git show --textconv :nvim/init.vim [1ms]
2024-11-16 22:09:44.819 [info] > git show --textconv :README.md [6ms]
2024-11-16 22:09:44.819 [info] > git ls-files --stage -- /home/contessa/archdots/README.md [1ms]
2024-11-16 22:09:44.824 [info] > git cat-file -s de41873c4ead8802ec2dbb157e6e23658d5163a1 [1ms]
2024-11-16 22:10:23.506 [info] > git config --get commit.template [2ms]
2024-11-16 22:10:23.513 [info] > git for-each-ref --format=%(refname)%00%(upstream:short)%00%(objectname)%00%(upstream:track)%00%(upstream:remotename)%00%(upstream:remoteref) refs/heads/main refs/remotes/main [2ms]
2024-11-16 22:10:23.527 [info] > git status -z -uall [6ms]
2024-11-16 22:10:23.528 [info] > git for-each-ref --sort -committerdate --format %(refname) %(objectname) %(*objectname) [2ms]
2024-11-16 22:26:33.904 [info] > git fetch [311ms]
2024-11-16 22:26:33.919 [info] > git config --get commit.template [7ms]
2024-11-16 22:26:33.920 [info] > git for-each-ref --format=%(refname)%00%(upstream:short)%00%(objectname)%00%(upstream:track)%00%(upstream:remotename)%00%(upstream:remoteref) refs/heads/main refs/remotes/main [2ms]
2024-11-16 22:26:33.935 [info] > git status -z -uall [7ms]
2024-11-16 22:26:33.936 [info] > git for-each-ref --sort -committerdate --format %(refname) %(objectname) %(*objectname) [2ms]
2024-11-16 22:26:35.043 [info] > git config --get commit.template [8ms]
2024-11-16 22:26:35.044 [info] > git for-each-ref --format=%(refname)%00%(upstream:short)%00%(objectname)%00%(upstream:track)%00%(upstream:remotename)%00%(upstream:remoteref) refs/heads/main refs/remotes/main [2ms]
2024-11-16 22:26:35.058 [info] > git status -z -uall [8ms]
2024-11-16 22:26:35.059 [info] > git for-each-ref --sort -committerdate --format %(refname) %(objectname) %(*objectname) [2ms]
2024-11-16 22:45:32.219 [info] > git ls-files --stage -- /home/contessa/archdots/README.md [1ms]
2024-11-16 22:45:32.223 [info] > git cat-file -s de41873c4ead8802ec2dbb157e6e23658d5163a1 [1ms]
2024-11-16 22:45:32.229 [info] > git show --textconv :README.md [1ms]
2024-11-16 22:45:32.480 [info] > git fetch [267ms]
2024-11-16 22:45:32.489 [info] > git config --get commit.template [4ms]
2024-11-16 22:45:32.490 [info] > git for-each-ref --format=%(refname)%00%(upstream:short)%00%(objectname)%00%(upstream:track)%00%(upstream:remotename)%00%(upstream:remoteref) refs/heads/main refs/remotes/main [1ms]
2024-11-16 22:45:32.500 [info] > git status -z -uall [6ms]
2024-11-16 22:45:32.501 [info] > git for-each-ref --sort -committerdate --format %(refname) %(objectname) %(*objectname) [1ms]
2024-11-16 22:45:33.621 [info] > git config --get commit.template [8ms]
2024-11-16 22:45:33.622 [info] > git for-each-ref --format=%(refname)%00%(upstream:short)%00%(objectname)%00%(upstream:track)%00%(upstream:remotename)%00%(upstream:remoteref) refs/heads/main refs/remotes/main [2ms]
2024-11-16 22:45:33.636 [info] > git status -z -uall [7ms]
2024-11-16 22:45:33.637 [info] > git for-each-ref --sort -committerdate --format %(refname) %(objectname) %(*objectname) [2ms]
2024-11-16 22:45:33.714 [info] > git ls-files --stage -- /home/contessa/archdots/README.md [1ms]
2024-11-16 22:45:33.722 [info] > git cat-file -s de41873c4ead8802ec2dbb157e6e23658d5163a1 [2ms]
2024-11-16 22:45:33.731 [info] > git show --textconv :README.md [1ms]
2024-11-16 23:20:38.719 [info] > git fetch [305ms]
2024-11-16 23:20:38.733 [info] > git config --get commit.template [7ms]
2024-11-16 23:20:38.734 [info] > git for-each-ref --format=%(refname)%00%(upstream:short)%00%(objectname)%00%(upstream:track)%00%(upstream:remotename)%00%(upstream:remoteref) refs/heads/main refs/remotes/main [2ms]
2024-11-16 23:20:38.747 [info] > git status -z -uall [7ms]
2024-11-16 23:20:38.748 [info] > git for-each-ref --sort -committerdate --format %(refname) %(objectname) %(*objectname) [1ms]
2024-11-16 23:20:39.861 [info] > git config --get commit.template [7ms]
2024-11-16 23:20:39.862 [info] > git for-each-ref --format=%(refname)%00%(upstream:short)%00%(objectname)%00%(upstream:track)%00%(upstream:remotename)%00%(upstream:remoteref) refs/heads/main refs/remotes/main [2ms]
2024-11-16 23:20:39.875 [info] > git status -z -uall [6ms]
2024-11-16 23:20:39.876 [info] > git for-each-ref --sort -committerdate --format %(refname) %(objectname) %(*objectname) [1ms]
2024-11-16 23:20:39.955 [info] > git ls-files --stage -- /home/contessa/archdots/README.md [1ms]
2024-11-16 23:20:39.963 [info] > git cat-file -s de41873c4ead8802ec2dbb157e6e23658d5163a1 [2ms]
2024-11-16 23:20:39.973 [info] > git show --textconv :README.md [2ms]
