2024-11-15 11:32:07.101 [info] [main] Log level: Info
2024-11-15 11:32:07.101 [info] [main] Validating found git in: "git"
2024-11-15 11:32:07.101 [info] [main] Using git "2.47.0" from "git"
2024-11-15 11:32:07.101 [info] [Model][doInitialScan] Initial repository scan started
2024-11-15 11:32:07.101 [info] > git rev-parse --show-toplevel [4ms]
2024-11-15 11:32:07.102 [info] > git rev-parse --git-dir --git-common-dir [2ms]
2024-11-15 11:32:07.116 [info] [Model][openRepository] Opened repository: /home/contessa/Documents/Assessment1
2024-11-15 11:32:07.155 [info] > git rev-parse --show-toplevel [28ms]
2024-11-15 11:32:07.158 [info] [Model][doInitialScan] Initial repository scan completed - repositories (1), closed repositories (0), parent repositories (0), unsafe repositories (0)
2024-11-15 11:32:07.159 [info] > git config --get commit.template [35ms]
2024-11-15 11:32:07.169 [info] > git for-each-ref --format=%(refname)%00%(upstream:short)%00%(objectname)%00%(upstream:track)%00%(upstream:remotename)%00%(upstream:remoteref) refs/heads/master refs/remotes/master [3ms]
2024-11-15 11:32:07.184 [info] > git status -z -uall [7ms]
2024-11-15 11:32:07.186 [info] > git for-each-ref --sort -committerdate --format %(refname) %(objectname) %(*objectname) [3ms]
2024-11-15 11:32:07.203 [info] > git for-each-ref --format=%(refname)%00%(upstream:short)%00%(objectname)%00%(upstream:track)%00%(upstream:remotename)%00%(upstream:remoteref) refs/heads/master refs/remotes/master [8ms]
2024-11-15 11:32:07.227 [info] > git config --local branch.master.vscode-merge-base [17ms]
2024-11-15 11:32:07.227 [warning] [Git][config] git config failed: Failed to execute git
2024-11-15 11:32:07.233 [info] > git config --get commit.template [31ms]
2024-11-15 11:32:07.256 [info] > git reflog master --grep-reflog=branch: Created from *. [24ms]
2024-11-15 11:32:07.269 [info] > git symbolic-ref --short refs/remotes/origin/HEAD [8ms]
2024-11-15 11:32:07.269 [info] fatal: ref refs/remotes/origin/HEAD is not a symbolic ref
2024-11-15 11:32:07.269 [warning] [Repository][getDefaultBranch] Failed to get default branch details: Failed to execute git.
2024-11-15 11:32:07.278 [info] > git for-each-ref --format=%(refname)%00%(upstream:short)%00%(objectname)%00%(upstream:track)%00%(upstream:remotename)%00%(upstream:remoteref) refs/heads/master refs/remotes/master [10ms]
2024-11-15 11:32:07.279 [info] > git merge-base refs/heads/master refs/remotes/origin/master [4ms]
2024-11-15 11:32:07.332 [info] > git diff --name-status -z --diff-filter=ADMR aace36ec8cf2a933beab6b1d2a57344a789d28c6...refs/remotes/origin/master [47ms]
2024-11-15 11:32:07.363 [info] > git status -z -uall [6ms]
2024-11-15 11:32:07.364 [info] > git for-each-ref --sort -committerdate --format %(refname) %(objectname) %(*objectname) [2ms]
2024-11-15 11:32:07.481 [info] > git show --textconv :index.html [6ms]
2024-11-15 11:32:07.482 [info] > git ls-files --stage -- /home/contessa/Documents/Assessment1/index.html [1ms]
2024-11-15 11:32:07.489 [info] > git cat-file -s d6683452eb1e70602cc85b81fb7fddb706445255 [2ms]
2024-11-15 11:32:07.671 [info] > git check-ignore -v -z --stdin [12ms]
2024-11-15 11:32:07.714 [info] > git fetch [597ms]
2024-11-15 11:32:07.714 [info] Missing or invalid credentials.
Skip silent fetch commands
Missing or invalid credentials.
Skip silent fetch commands
remote: Repository not found.
fatal: Authentication failed for 'https://github.com/ShadowPlagueXx/webassess1.git/'
2024-11-15 11:32:07.725 [info] > git config --get commit.template [6ms]
2024-11-15 11:32:07.726 [info] > git for-each-ref --format=%(refname)%00%(upstream:short)%00%(objectname)%00%(upstream:track)%00%(upstream:remotename)%00%(upstream:remoteref) refs/heads/master refs/remotes/master [2ms]
2024-11-15 11:32:07.738 [info] > git status -z -uall [7ms]
2024-11-15 11:32:07.739 [info] > git for-each-ref --sort -committerdate --format %(refname) %(objectname) %(*objectname) [2ms]
2024-11-15 11:32:08.382 [info] > git ls-files --stage -- /home/contessa/Documents/Assessment1/index.html [2ms]
2024-11-15 11:32:08.387 [info] > git cat-file -s d6683452eb1e70602cc85b81fb7fddb706445255 [1ms]
2024-11-15 11:32:08.395 [info] > git show --textconv :index.html [2ms]
2024-11-15 11:44:21.079 [info] > git show --textconv :picnics.html [7ms]
2024-11-15 11:44:21.080 [info] > git ls-files --stage -- /home/contessa/Documents/Assessment1/picnics.html [1ms]
2024-11-15 11:44:21.087 [info] > git cat-file -s 00b237dbd53b4a5028c85fbf382d969a9ce6273e [2ms]
2024-11-15 11:44:27.963 [info] > git show --textconv :accessibility.html [7ms]
2024-11-15 11:44:27.963 [info] > git ls-files --stage -- /home/contessa/Documents/Assessment1/accessibility.html [1ms]
2024-11-15 11:44:27.971 [info] > git cat-file -s 2eb8165a09260e43623db9d8f9e72c23c24e1ab0 [1ms]
2024-11-15 11:44:32.598 [info] > git show --textconv :picnics.html [6ms]
2024-11-15 11:44:32.599 [info] > git ls-files --stage -- /home/contessa/Documents/Assessment1/picnics.html [2ms]
2024-11-15 11:44:32.606 [info] > git cat-file -s 00b237dbd53b4a5028c85fbf382d969a9ce6273e [2ms]
2024-11-15 11:55:45.843 [info] > git show --textconv :accessibility.html [8ms]
2024-11-15 11:55:45.845 [info] > git ls-files --stage -- /home/contessa/Documents/Assessment1/accessibility.html [2ms]
2024-11-15 11:55:45.852 [info] > git cat-file -s 2eb8165a09260e43623db9d8f9e72c23c24e1ab0 [2ms]
2024-11-15 11:55:53.218 [info] > git show --textconv HEAD:accessibility.html [7ms]
2024-11-15 11:55:53.220 [info] > git ls-tree -l HEAD -- /home/contessa/Documents/Assessment1/accessibility.html [2ms]
2024-11-15 11:56:01.639 [info] > git show --textconv :picnics.html [7ms]
2024-11-15 11:56:01.640 [info] > git ls-files --stage -- /home/contessa/Documents/Assessment1/picnics.html [1ms]
2024-11-15 11:56:01.647 [info] > git cat-file -s 00b237dbd53b4a5028c85fbf382d969a9ce6273e [2ms]
2024-11-15 11:56:03.643 [info] > git show --textconv HEAD:picnics.html [7ms]
2024-11-15 11:56:03.644 [info] > git ls-tree -l HEAD -- /home/contessa/Documents/Assessment1/picnics.html [1ms]
2024-11-15 11:56:11.443 [info] > git show --textconv :accessibility.html [7ms]
2024-11-15 11:56:11.444 [info] > git ls-files --stage -- /home/contessa/Documents/Assessment1/accessibility.html [2ms]
2024-11-15 11:56:11.453 [info] > git cat-file -s 2eb8165a09260e43623db9d8f9e72c23c24e1ab0 [2ms]
2024-11-15 11:56:13.745 [info] > git show --textconv :picnics.html [7ms]
2024-11-15 11:56:13.746 [info] > git ls-files --stage -- /home/contessa/Documents/Assessment1/picnics.html [2ms]
2024-11-15 11:56:13.752 [info] > git cat-file -s 00b237dbd53b4a5028c85fbf382d969a9ce6273e [1ms]
2024-11-15 11:56:16.277 [info] > git show --textconv HEAD:picnics.html [9ms]
2024-11-15 11:56:16.279 [info] > git ls-tree -l HEAD -- /home/contessa/Documents/Assessment1/picnics.html [3ms]
2024-11-15 11:56:23.359 [info] > git log --format=%H%n%aN%n%aE%n%at%n%ct%n%P%n%D%n%B -z --shortstat --diff-merges=first-parent -n50 --skip=0 --topo-order --decorate=full --stdin [115ms]
2024-11-15 11:56:36.081 [info] > git add -A -- . [267ms]
2024-11-15 11:56:36.092 [info] > git -c user.useConfigOnly=true commit --quiet --allow-empty-message --file - [5ms]
2024-11-15 11:56:36.099 [info] > git config --get commit.template [1ms]
2024-11-15 11:56:36.115 [info] > git config --get commit.template [8ms]
2024-11-15 11:56:36.117 [info] > git for-each-ref --format=%(refname)%00%(upstream:short)%00%(objectname)%00%(upstream:track)%00%(upstream:remotename)%00%(upstream:remoteref) refs/heads/master refs/remotes/master [2ms]
2024-11-15 11:56:36.132 [info] > git status -z -uall [8ms]
2024-11-15 11:56:36.133 [info] > git for-each-ref --sort -committerdate --format %(refname) %(objectname) %(*objectname) [2ms]
2024-11-15 11:56:36.149 [info] > git merge-base refs/heads/master refs/remotes/origin/master [3ms]
2024-11-15 11:56:36.158 [info] > git diff --name-status -z --diff-filter=ADMR aace36ec8cf2a933beab6b1d2a57344a789d28c6...refs/remotes/origin/master [2ms]
2024-11-15 11:56:36.190 [info] > git config --get commit.template [8ms]
2024-11-15 11:56:36.192 [info] > git for-each-ref --format=%(refname)%00%(upstream:short)%00%(objectname)%00%(upstream:track)%00%(upstream:remotename)%00%(upstream:remoteref) refs/heads/master refs/remotes/master [2ms]
2024-11-15 11:56:36.207 [info] > git status -z -uall [8ms]
2024-11-15 11:56:36.208 [info] > git for-each-ref --sort -committerdate --format %(refname) %(objectname) %(*objectname) [2ms]
2024-11-15 11:56:36.248 [info] > git log --format=%H%n%aN%n%aE%n%at%n%ct%n%P%n%D%n%B -z --shortstat --diff-merges=first-parent -n50 --skip=0 --topo-order --decorate=full --stdin [81ms]
2024-11-15 11:56:37.245 [info] > git config --get commit.template [7ms]
2024-11-15 11:56:37.246 [info] > git for-each-ref --format=%(refname)%00%(upstream:short)%00%(objectname)%00%(upstream:track)%00%(upstream:remotename)%00%(upstream:remoteref) refs/heads/master refs/remotes/master [2ms]
2024-11-15 11:56:37.259 [info] > git status -z -uall [6ms]
2024-11-15 11:56:37.260 [info] > git for-each-ref --sort -committerdate --format %(refname) %(objectname) %(*objectname) [1ms]
2024-11-15 11:56:39.938 [info] > git log --oneline --cherry master...master@{upstream} -- [2ms]
2024-11-15 11:56:40.801 [info] > git pull --tags origin master [855ms]
2024-11-15 11:56:40.801 [info] From https://github.com/ShadowPlagueXx/webassess1
 * branch            master     -> FETCH_HEAD
2024-11-15 11:56:43.533 [info] > git push origin master:master [2726ms]
2024-11-15 11:56:43.533 [info] To https://github.com/ShadowPlagueXx/webassess1.git
   aace36e..27ac049  master -> master
2024-11-15 11:56:43.542 [info] > git config --get commit.template [1ms]
2024-11-15 11:56:43.549 [info] > git for-each-ref --format=%(refname)%00%(upstream:short)%00%(objectname)%00%(upstream:track)%00%(upstream:remotename)%00%(upstream:remoteref) refs/heads/master refs/remotes/master [1ms]
2024-11-15 11:56:43.564 [info] > git status -z -uall [8ms]
2024-11-15 11:56:43.565 [info] > git for-each-ref --sort -committerdate --format %(refname) %(objectname) %(*objectname) [2ms]
2024-11-15 11:56:43.585 [info] > git merge-base refs/heads/master refs/remotes/origin/master [9ms]
2024-11-15 11:56:43.593 [info] > git config --get commit.template [8ms]
2024-11-15 11:56:43.602 [info] > git diff --name-status -z --diff-filter=ADMR 27ac0499771caf1ef98993fda45772939f5746a4...refs/remotes/origin/master [10ms]
2024-11-15 11:56:43.610 [info] > git for-each-ref --format=%(refname)%00%(upstream:short)%00%(objectname)%00%(upstream:track)%00%(upstream:remotename)%00%(upstream:remoteref) refs/heads/master refs/remotes/master [2ms]
2024-11-15 11:56:43.626 [info] > git status -z -uall [7ms]
2024-11-15 11:56:43.627 [info] > git for-each-ref --sort -committerdate --format %(refname) %(objectname) %(*objectname) [1ms]
2024-11-15 11:56:43.672 [info] > git log --format=%H%n%aN%n%aE%n%at%n%ct%n%P%n%D%n%B -z --shortstat --diff-merges=first-parent -n50 --skip=0 --topo-order --decorate=full --stdin [71ms]
2024-11-15 11:56:48.641 [info] > git config --get commit.template [2ms]
2024-11-15 11:56:48.650 [info] > git for-each-ref --format=%(refname)%00%(upstream:short)%00%(objectname)%00%(upstream:track)%00%(upstream:remotename)%00%(upstream:remoteref) refs/heads/master refs/remotes/master [3ms]
2024-11-15 11:56:48.664 [info] > git status -z -uall [7ms]
2024-11-15 11:56:48.665 [info] > git for-each-ref --sort -committerdate --format %(refname) %(objectname) %(*objectname) [1ms]
2024-11-15 12:01:10.106 [info] > git config --get commit.template [9ms]
2024-11-15 12:01:10.108 [info] > git for-each-ref --format=%(refname)%00%(upstream:short)%00%(objectname)%00%(upstream:track)%00%(upstream:remotename)%00%(upstream:remoteref) refs/heads/master refs/remotes/master [2ms]
2024-11-15 12:01:10.125 [info] > git status -z -uall [8ms]
2024-11-15 12:01:10.125 [info] > git for-each-ref --sort -committerdate --format %(refname) %(objectname) %(*objectname) [2ms]
2024-11-15 12:01:16.223 [info] > git add -A -- . [2ms]
2024-11-15 12:01:16.671 [info] > git show --textconv :.git/COMMIT_EDITMSG [7ms]
2024-11-15 12:01:16.672 [info] > git ls-files --stage -- /home/contessa/Documents/Assessment1/.git/COMMIT_EDITMSG [2ms]
2024-11-15 12:01:16.981 [info] > git check-ignore -v -z --stdin [1ms]
2024-11-15 12:01:17.412 [info] > git ls-files --stage -- /home/contessa/Documents/Assessment1/.git/COMMIT_EDITMSG [2ms]
2024-11-15 12:01:17.420 [info] > git show --textconv :.git/COMMIT_EDITMSG [2ms]
2024-11-15 12:01:27.577 [info] > git ls-files --stage -- /home/contessa/Documents/Assessment1/.git/COMMIT_EDITMSG [1ms]
2024-11-15 12:01:27.585 [info] > git show --textconv :.git/COMMIT_EDITMSG [1ms]
2024-11-15 12:01:27.688 [info] > git -c user.useConfigOnly=true commit --quiet [11459ms]
2024-11-15 12:01:27.706 [info] > git config --get commit.template [9ms]
2024-11-15 12:01:27.708 [info] > git for-each-ref --format=%(refname)%00%(upstream:short)%00%(objectname)%00%(upstream:track)%00%(upstream:remotename)%00%(upstream:remoteref) refs/heads/master refs/remotes/master [2ms]
2024-11-15 12:01:27.725 [info] > git status -z -uall [9ms]
2024-11-15 12:01:27.727 [info] > git for-each-ref --sort -committerdate --format %(refname) %(objectname) %(*objectname) [2ms]
2024-11-15 12:01:27.740 [info] > git merge-base refs/heads/master refs/remotes/origin/master [3ms]
2024-11-15 12:01:27.756 [info] > git diff --name-status -z --diff-filter=ADMR 27ac0499771caf1ef98993fda45772939f5746a4...refs/remotes/origin/master [9ms]
2024-11-15 12:01:27.768 [info] > git config --get commit.template [2ms]
2024-11-15 12:01:27.776 [info] > git for-each-ref --format=%(refname)%00%(upstream:short)%00%(objectname)%00%(upstream:track)%00%(upstream:remotename)%00%(upstream:remoteref) refs/heads/master refs/remotes/master [2ms]
2024-11-15 12:01:27.790 [info] > git status -z -uall [6ms]
2024-11-15 12:01:27.792 [info] > git for-each-ref --sort -committerdate --format %(refname) %(objectname) %(*objectname) [2ms]
2024-11-15 12:01:27.836 [info] > git log --format=%H%n%aN%n%aE%n%at%n%ct%n%P%n%D%n%B -z --shortstat --diff-merges=first-parent -n50 --skip=0 --topo-order --decorate=full --stdin [81ms]
2024-11-15 12:01:29.440 [info] > git log --oneline --cherry master...master@{upstream} -- [3ms]
2024-11-15 12:01:30.348 [info] > git pull --tags origin master [901ms]
2024-11-15 12:01:30.348 [info] From https://github.com/ShadowPlagueXx/webassess1
 * branch            master     -> FETCH_HEAD
2024-11-15 12:01:31.112 [info] > git push origin master:master [758ms]
2024-11-15 12:01:31.112 [info] To https://github.com/ShadowPlagueXx/webassess1.git
   27ac049..f6ededb  master -> master
2024-11-15 12:01:31.126 [info] > git config --get commit.template [7ms]
2024-11-15 12:01:31.127 [info] > git for-each-ref --format=%(refname)%00%(upstream:short)%00%(objectname)%00%(upstream:track)%00%(upstream:remotename)%00%(upstream:remoteref) refs/heads/master refs/remotes/master [2ms]
2024-11-15 12:01:31.140 [info] > git status -z -uall [7ms]
2024-11-15 12:01:31.141 [info] > git for-each-ref --sort -committerdate --format %(refname) %(objectname) %(*objectname) [2ms]
2024-11-15 12:01:31.153 [info] > git merge-base refs/heads/master refs/remotes/origin/master [1ms]
2024-11-15 12:01:31.169 [info] > git diff --name-status -z --diff-filter=ADMR f6ededb53a39ae2c556fddff29fde5f918c49f3e...refs/remotes/origin/master [8ms]
2024-11-15 12:01:31.255 [info] > git log --format=%H%n%aN%n%aE%n%at%n%ct%n%P%n%D%n%B -z --shortstat --diff-merges=first-parent -n50 --skip=0 --topo-order --decorate=full --stdin [87ms]
