2024-11-16 20:46:43.351 [info] Added views:outline in workbench.view.explorer
2024-11-16 20:46:43.351 [info] Added views:workbench.view.search in workbench.view.search
2024-11-16 20:46:43.351 [info] Added views:workbench.scm in workbench.view.scm
2024-11-16 20:46:43.351 [info] Added views:workbench.panel.markers.view in workbench.panel.markers
2024-11-16 20:46:43.351 [info] Added views:workbench.panel.output in workbench.panel.output
2024-11-16 20:46:43.351 [info] Added views:terminal in terminal
2024-11-16 20:46:43.351 [info] Added views:timeline in workbench.view.explorer
2024-11-16 20:46:43.351 [info] Added views:workbench.explorer.fileView in workbench.view.explorer
2024-11-16 20:46:43.424 [info] Added views:workbench.debug.welcome in workbench.view.debug
2024-11-16 20:46:43.748 [info] Added views:workbench.panel.repl.view in workbench.panel.repl
2024-11-16 20:46:43.965 [info] Added views:~remote.forwardedPorts in ~remote.forwardedPortsContainer
2024-11-16 20:46:44.357 [info] Added views:workbench.scm.history in workbench.view.scm
2024-11-16 20:46:58.863 [info] Removed views:workbench.scm.history from workbench.view.scm
2024-11-16 20:46:59.101 [info] Added views:outline in workbench.view.explorer
2024-11-16 20:46:59.101 [info] Added views:workbench.view.search in workbench.view.search
2024-11-16 20:46:59.101 [info] Added views:workbench.scm in workbench.view.scm
2024-11-16 20:46:59.101 [info] Added views:workbench.panel.markers.view in workbench.panel.markers
2024-11-16 20:46:59.101 [info] Added views:workbench.panel.output in workbench.panel.output
2024-11-16 20:46:59.101 [info] Added views:terminal in terminal
2024-11-16 20:46:59.101 [info] Added views:timeline in workbench.view.explorer
2024-11-16 20:46:59.101 [info] Added views:workbench.explorer.fileView in workbench.view.explorer
2024-11-16 20:46:59.142 [info] Added views:workbench.debug.welcome in workbench.view.debug
2024-11-16 20:46:59.669 [info] Added views:workbench.panel.repl.view in workbench.panel.repl
2024-11-16 20:46:59.950 [info] Added views:~remote.forwardedPorts in ~remote.forwardedPortsContainer
2024-11-16 20:47:00.145 [info] Added views:workbench.scm.history in workbench.view.scm
