2024-11-15 12:11:07.390 [info] [main] Log level: Info
2024-11-15 12:11:07.390 [info] [main] Validating found git in: "git"
2024-11-15 12:11:07.390 [info] [main] Using git "2.47.0" from "git"
2024-11-15 12:11:07.390 [info] [Model][doInitialScan] Initial repository scan started
2024-11-15 12:11:07.390 [info] > git rev-parse --show-toplevel [6ms]
2024-11-15 12:11:07.390 [info] > git rev-parse --git-dir --git-common-dir [7ms]
2024-11-15 12:11:07.390 [info] [Model][openRepository] Opened repository: /home/contessa/Documents/Assessment1
2024-11-15 12:11:07.408 [info] > git rev-parse --show-toplevel [7ms]
2024-11-15 12:11:07.411 [info] [Model][doInitialScan] Initial repository scan completed - repositories (1), closed repositories (0), parent repositories (0), unsafe repositories (0)
2024-11-15 12:11:07.412 [info] > git config --get commit.template [16ms]
2024-11-15 12:11:07.454 [info] > git for-each-ref --format=%(refname)%00%(upstream:short)%00%(objectname)%00%(upstream:track)%00%(upstream:remotename)%00%(upstream:remoteref) refs/heads/master refs/remotes/master [15ms]
2024-11-15 12:11:07.476 [info] > git status -z -uall [11ms]
2024-11-15 12:11:07.480 [info] > git for-each-ref --sort -committerdate --format %(refname) %(objectname) %(*objectname) [6ms]
2024-11-15 12:11:07.502 [info] > git for-each-ref --format=%(refname)%00%(upstream:short)%00%(objectname)%00%(upstream:track)%00%(upstream:remotename)%00%(upstream:remoteref) refs/heads/master refs/remotes/master [10ms]
2024-11-15 12:11:07.511 [info] > git config --local branch.master.vscode-merge-base [4ms]
2024-11-15 12:11:07.511 [warning] [Git][config] git config failed: Failed to execute git
2024-11-15 12:11:07.516 [info] > git config --get commit.template [16ms]
2024-11-15 12:11:07.562 [info] > git reflog master --grep-reflog=branch: Created from *. [47ms]
2024-11-15 12:11:07.588 [info] > git symbolic-ref --short refs/remotes/origin/HEAD [22ms]
2024-11-15 12:11:07.588 [info] fatal: ref refs/remotes/origin/HEAD is not a symbolic ref
2024-11-15 12:11:07.588 [warning] [Repository][getDefaultBranch] Failed to get default branch details: Failed to execute git.
2024-11-15 12:11:07.609 [info] > git for-each-ref --format=%(refname)%00%(upstream:short)%00%(objectname)%00%(upstream:track)%00%(upstream:remotename)%00%(upstream:remoteref) refs/heads/master refs/remotes/master [48ms]
2024-11-15 12:11:07.614 [info] > git merge-base refs/heads/master refs/remotes/origin/master [19ms]
2024-11-15 12:11:07.626 [info] > git diff --name-status -z --diff-filter=ADMR f6ededb53a39ae2c556fddff29fde5f918c49f3e...refs/remotes/origin/master [5ms]
2024-11-15 12:11:07.648 [info] > git status -z -uall [12ms]
2024-11-15 12:11:07.649 [info] > git for-each-ref --sort -committerdate --format %(refname) %(objectname) %(*objectname) [5ms]
2024-11-15 12:11:07.921 [info] > git check-ignore -v -z --stdin [1ms]
2024-11-15 12:11:08.253 [info] > git fetch [866ms]
2024-11-15 12:11:08.268 [info] > git config --get commit.template [7ms]
2024-11-15 12:11:08.272 [info] > git for-each-ref --format=%(refname)%00%(upstream:short)%00%(objectname)%00%(upstream:track)%00%(upstream:remotename)%00%(upstream:remoteref) refs/heads/master refs/remotes/master [5ms]
2024-11-15 12:11:08.287 [info] > git status -z -uall [7ms]
2024-11-15 12:11:08.288 [info] > git for-each-ref --sort -committerdate --format %(refname) %(objectname) %(*objectname) [2ms]
2024-11-15 12:11:09.340 [info] > git config --get commit.template [7ms]
2024-11-15 12:11:09.341 [info] > git for-each-ref --format=%(refname)%00%(upstream:short)%00%(objectname)%00%(upstream:track)%00%(upstream:remotename)%00%(upstream:remoteref) refs/heads/master refs/remotes/master [2ms]
2024-11-15 12:11:09.356 [info] > git status -z -uall [7ms]
2024-11-15 12:11:09.357 [info] > git for-each-ref --sort -committerdate --format %(refname) %(objectname) %(*objectname) [3ms]
2024-11-15 12:11:09.642 [info] > git show --textconv :testing.html [7ms]
2024-11-15 12:11:09.644 [info] > git ls-files --stage -- /home/contessa/Documents/Assessment1/testing.html [2ms]
2024-11-15 12:11:09.651 [info] > git cat-file -s 4b8dc0706098c327fff550f3c850f1e94e8bf78e [2ms]
2024-11-15 12:17:17.699 [info] > git ls-files --stage -- /home/contessa/Documents/Assessment1/testing.html [2ms]
2024-11-15 12:17:17.705 [info] > git cat-file -s 4b8dc0706098c327fff550f3c850f1e94e8bf78e [1ms]
2024-11-15 12:17:17.714 [info] > git show --textconv :testing.html [2ms]
2024-11-15 12:17:18.168 [info] > git fetch [1661ms]
2024-11-15 12:17:18.182 [info] > git config --get commit.template [6ms]
2024-11-15 12:17:18.182 [info] > git for-each-ref --format=%(refname)%00%(upstream:short)%00%(objectname)%00%(upstream:track)%00%(upstream:remotename)%00%(upstream:remoteref) refs/heads/master refs/remotes/master [1ms]
2024-11-15 12:17:18.194 [info] > git status -z -uall [6ms]
2024-11-15 12:17:18.196 [info] > git for-each-ref --sort -committerdate --format %(refname) %(objectname) %(*objectname) [2ms]
2024-11-15 12:17:19.257 [info] > git config --get commit.template [6ms]
2024-11-15 12:17:19.257 [info] > git for-each-ref --format=%(refname)%00%(upstream:short)%00%(objectname)%00%(upstream:track)%00%(upstream:remotename)%00%(upstream:remoteref) refs/heads/master refs/remotes/master [1ms]
2024-11-15 12:17:19.271 [info] > git status -z -uall [6ms]
2024-11-15 12:17:19.272 [info] > git for-each-ref --sort -committerdate --format %(refname) %(objectname) %(*objectname) [1ms]
2024-11-15 12:17:19.349 [info] > git ls-files --stage -- /home/contessa/Documents/Assessment1/testing.html [1ms]
2024-11-15 12:17:19.356 [info] > git cat-file -s 4b8dc0706098c327fff550f3c850f1e94e8bf78e [2ms]
2024-11-15 12:17:19.364 [info] > git show --textconv :testing.html [2ms]
2024-11-15 12:25:53.912 [info] > git fetch [554ms]
2024-11-15 12:25:53.929 [info] > git config --get commit.template [8ms]
2024-11-15 12:25:53.929 [info] > git for-each-ref --format=%(refname)%00%(upstream:short)%00%(objectname)%00%(upstream:track)%00%(upstream:remotename)%00%(upstream:remoteref) refs/heads/master refs/remotes/master [1ms]
2024-11-15 12:25:53.944 [info] > git status -z -uall [7ms]
2024-11-15 12:25:53.945 [info] > git for-each-ref --sort -committerdate --format %(refname) %(objectname) %(*objectname) [1ms]
2024-11-15 12:25:54.994 [info] > git config --get commit.template [1ms]
2024-11-15 12:25:55.001 [info] > git for-each-ref --format=%(refname)%00%(upstream:short)%00%(objectname)%00%(upstream:track)%00%(upstream:remotename)%00%(upstream:remoteref) refs/heads/master refs/remotes/master [1ms]
2024-11-15 12:25:55.014 [info] > git status -z -uall [6ms]
2024-11-15 12:25:55.015 [info] > git for-each-ref --sort -committerdate --format %(refname) %(objectname) %(*objectname) [1ms]
2024-11-15 12:25:55.093 [info] > git ls-files --stage -- /home/contessa/Documents/Assessment1/testing.html [1ms]
2024-11-15 12:25:55.100 [info] > git cat-file -s 4b8dc0706098c327fff550f3c850f1e94e8bf78e [1ms]
2024-11-15 12:25:55.109 [info] > git show --textconv :testing.html [2ms]
2024-11-15 12:26:18.567 [info] > git log --format=%H%n%aN%n%aE%n%at%n%ct%n%P%n%D%n%B -z --shortstat --diff-merges=first-parent -n50 --skip=0 --topo-order --decorate=full --stdin [83ms]
