2024-11-15 15:54:23.074 [info] Added views:outline in workbench.view.explorer
2024-11-15 15:54:23.074 [info] Added views:workbench.view.search in workbench.view.search
2024-11-15 15:54:23.074 [info] Added views:workbench.scm in workbench.view.scm
2024-11-15 15:54:23.074 [info] Added views:workbench.panel.markers.view in workbench.panel.markers
2024-11-15 15:54:23.074 [info] Added views:workbench.panel.output in workbench.panel.output
2024-11-15 15:54:23.074 [info] Added views:terminal in terminal
2024-11-15 15:54:23.074 [info] Added views:timeline in workbench.view.explorer
2024-11-15 15:54:23.074 [info] Added views:workbench.explorer.fileView in workbench.view.explorer
2024-11-15 15:54:23.212 [info] Added views:workbench.debug.welcome in workbench.view.debug
2024-11-15 15:54:23.460 [info] Added views:workbench.panel.repl.view in workbench.panel.repl
2024-11-15 15:54:23.774 [info] Added views:~remote.forwardedPorts in ~remote.forwardedPortsContainer
2024-11-15 15:54:23.980 [info] Added views:workbench.scm.history in workbench.view.scm
2024-11-15 15:54:39.196 [info] Removed views:workbench.scm.history from workbench.view.scm
2024-11-15 15:54:39.430 [info] Added views:outline in workbench.view.explorer
2024-11-15 15:54:39.430 [info] Added views:workbench.view.search in workbench.view.search
2024-11-15 15:54:39.430 [info] Added views:workbench.scm in workbench.view.scm
2024-11-15 15:54:39.430 [info] Added views:workbench.panel.markers.view in workbench.panel.markers
2024-11-15 15:54:39.430 [info] Added views:workbench.panel.output in workbench.panel.output
2024-11-15 15:54:39.430 [info] Added views:terminal in terminal
2024-11-15 15:54:39.430 [info] Added views:timeline in workbench.view.explorer
2024-11-15 15:54:39.430 [info] Added views:workbench.explorer.fileView in workbench.view.explorer
2024-11-15 15:54:39.504 [info] Added views:workbench.debug.welcome in workbench.view.debug
2024-11-15 15:54:39.781 [info] Added views:~remote.forwardedPorts in ~remote.forwardedPortsContainer
2024-11-15 15:54:39.867 [info] Added views:workbench.panel.repl.view in workbench.panel.repl
2024-11-15 15:54:40.408 [info] Added views:workbench.scm.history in workbench.view.scm
