2024-11-15 15:54:24.136 [info] Reading sessions from keychain...
2024-11-15 15:54:24.136 [info] Getting sessions for all scopes...
2024-11-15 15:54:24.136 [info] Getting sessions for all scopes...
2024-11-15 15:54:24.136 [info] Getting sessions for all scopes...
2024-11-15 15:54:24.160 [info] Getting sessions for read:user,repo,user:email,workflow...
2024-11-15 15:54:24.169 [info] Got stored sessions!
2024-11-15 15:54:24.169 [info] Got 1 verified sessions.
2024-11-15 15:54:24.169 [info] Got 1 sessions for ...
2024-11-15 15:54:24.169 [info] Got 1 sessions for ...
2024-11-15 15:54:24.169 [info] Got 1 sessions for ...
2024-11-15 15:54:24.169 [info] Got 1 sessions for read:user,repo,user:email,workflow...
2024-11-15 15:54:24.462 [info] Getting sessions for read:user,repo,user:email,workflow...
2024-11-15 15:54:24.462 [info] Got 1 sessions for read:user,repo,user:email,workflow...
2024-11-15 15:54:26.242 [info] Getting sessions for all scopes...
2024-11-15 15:54:26.242 [info] Got 1 sessions for ...
2024-11-15 15:54:40.611 [info] Reading sessions from keychain...
2024-11-15 15:54:40.611 [info] Getting sessions for all scopes...
2024-11-15 15:54:40.611 [info] Getting sessions for all scopes...
2024-11-15 15:54:40.611 [info] Getting sessions for all scopes...
2024-11-15 15:54:40.611 [info] Got stored sessions!
2024-11-15 15:54:40.611 [info] Got 1 verified sessions.
2024-11-15 15:54:40.611 [info] Got 1 sessions for ...
2024-11-15 15:54:40.611 [info] Got 1 sessions for ...
2024-11-15 15:54:40.611 [info] Got 1 sessions for ...
2024-11-15 15:54:40.611 [info] Getting sessions for read:user,repo,user:email,workflow...
2024-11-15 15:54:40.611 [info] Got 1 sessions for read:user,repo,user:email,workflow...
2024-11-15 15:54:40.892 [info] Getting sessions for read:user,repo,user:email,workflow...
2024-11-15 15:54:40.892 [info] Got 1 sessions for read:user,repo,user:email,workflow...
2024-11-15 15:54:42.012 [info] Getting sessions for all scopes...
2024-11-15 15:54:42.012 [info] Got 1 sessions for ...
