2024-11-15 14:18:11.014 [info] [main] Log level: Info
2024-11-15 14:18:11.014 [info] [main] Validating found git in: "git"
2024-11-15 14:18:11.014 [info] [main] Using git "2.47.0" from "git"
2024-11-15 14:18:11.014 [info] [Model][doInitialScan] Initial repository scan started
2024-11-15 14:18:11.014 [info] > git rev-parse --show-toplevel [4ms]
2024-11-15 14:18:11.014 [info] > git rev-parse --git-dir --git-common-dir [1ms]
2024-11-15 14:18:11.014 [info] [Model][openRepository] Opened repository: /home/contessa/archdots
2024-11-15 14:18:11.015 [info] > git config --get commit.template [2ms]
2024-11-15 14:18:11.023 [info] > git for-each-ref --format=%(refname)%00%(upstream:short)%00%(objectname)%00%(upstream:track)%00%(upstream:remotename)%00%(upstream:remoteref) refs/heads/main refs/remotes/main [4ms]
2024-11-15 14:18:11.024 [info] > git rev-parse --show-toplevel [2ms]
2024-11-15 14:18:11.035 [info] > git status -z -uall [5ms]
2024-11-15 14:18:11.035 [info] > git rev-parse --show-toplevel [8ms]
2024-11-15 14:18:11.039 [info] > git for-each-ref --sort -committerdate --format %(refname) %(objectname) %(*objectname) [5ms]
2024-11-15 14:18:11.050 [info] > git for-each-ref --format=%(refname)%00%(upstream:short)%00%(objectname)%00%(upstream:track)%00%(upstream:remotename)%00%(upstream:remoteref) refs/heads/main refs/remotes/main [5ms]
2024-11-15 14:18:11.054 [info] > git rev-parse --show-toplevel [16ms]
2024-11-15 14:18:11.057 [info] > git config --get commit.template [7ms]
2024-11-15 14:18:11.059 [info] > git rev-parse --show-toplevel [2ms]
2024-11-15 14:18:11.059 [info] > git config --local branch.main.vscode-merge-base [6ms]
2024-11-15 14:18:11.092 [info] > git for-each-ref --format=%(refname)%00%(upstream:short)%00%(objectname)%00%(upstream:track)%00%(upstream:remotename)%00%(upstream:remoteref) refs/heads/origin/main refs/remotes/origin/main [30ms]
2024-11-15 14:18:11.119 [info] > git merge-base refs/heads/main refs/remotes/origin/main [23ms]
2024-11-15 14:18:11.123 [info] > git rev-parse --show-toplevel [34ms]
2024-11-15 14:18:11.123 [info] > git for-each-ref --format=%(refname)%00%(upstream:short)%00%(objectname)%00%(upstream:track)%00%(upstream:remotename)%00%(upstream:remoteref) refs/heads/main refs/remotes/main [37ms]
2024-11-15 14:18:11.128 [info] > git diff --name-status -z --diff-filter=ADMR adafd38476013f7d87c3027d542b65e2a95b18e6...refs/remotes/origin/main [5ms]
2024-11-15 14:18:11.129 [info] > git rev-parse --show-toplevel [2ms]
2024-11-15 14:18:11.144 [info] > git status -z -uall [9ms]
2024-11-15 14:18:11.144 [info] > git for-each-ref --sort -committerdate --format %(refname) %(objectname) %(*objectname) [5ms]
2024-11-15 14:18:11.146 [info] > git rev-parse --show-toplevel [14ms]
2024-11-15 14:18:11.150 [info] > git rev-parse --show-toplevel [1ms]
2024-11-15 14:18:11.154 [info] > git rev-parse --show-toplevel [1ms]
2024-11-15 14:18:11.156 [info] [Model][doInitialScan] Initial repository scan completed - repositories (1), closed repositories (0), parent repositories (0), unsafe repositories (0)
2024-11-15 14:18:11.266 [info] > git fetch [257ms]
2024-11-15 14:18:11.273 [info] > git config --get commit.template [3ms]
2024-11-15 14:18:11.274 [info] > git for-each-ref --format=%(refname)%00%(upstream:short)%00%(objectname)%00%(upstream:track)%00%(upstream:remotename)%00%(upstream:remoteref) refs/heads/main refs/remotes/main [1ms]
2024-11-15 14:18:11.282 [info] > git status -z -uall [5ms]
2024-11-15 14:18:11.283 [info] > git for-each-ref --sort -committerdate --format %(refname) %(objectname) %(*objectname) [1ms]
2024-11-15 14:18:11.317 [info] > git show --textconv :README.md [5ms]
2024-11-15 14:18:11.318 [info] > git ls-files --stage -- /home/contessa/archdots/README.md [1ms]
2024-11-15 14:18:11.324 [info] > git cat-file -s de41873c4ead8802ec2dbb157e6e23658d5163a1 [1ms]
2024-11-15 14:18:11.530 [info] > git check-ignore -v -z --stdin [1ms]
2024-11-15 14:18:12.408 [info] > git config --get commit.template [7ms]
2024-11-15 14:18:12.409 [info] > git for-each-ref --format=%(refname)%00%(upstream:short)%00%(objectname)%00%(upstream:track)%00%(upstream:remotename)%00%(upstream:remoteref) refs/heads/main refs/remotes/main [2ms]
2024-11-15 14:18:12.421 [info] > git status -z -uall [6ms]
2024-11-15 14:18:12.422 [info] > git for-each-ref --sort -committerdate --format %(refname) %(objectname) %(*objectname) [1ms]
2024-11-15 14:18:12.502 [info] > git ls-files --stage -- /home/contessa/archdots/README.md [1ms]
2024-11-15 14:18:12.509 [info] > git cat-file -s de41873c4ead8802ec2dbb157e6e23658d5163a1 [2ms]
2024-11-15 14:18:12.516 [info] > git show --textconv :README.md [1ms]
2024-11-15 14:21:14.879 [info] > git fetch [252ms]
2024-11-15 14:21:14.892 [info] > git config --get commit.template [7ms]
2024-11-15 14:21:14.893 [info] > git for-each-ref --format=%(refname)%00%(upstream:short)%00%(objectname)%00%(upstream:track)%00%(upstream:remotename)%00%(upstream:remoteref) refs/heads/main refs/remotes/main [2ms]
2024-11-15 14:21:14.905 [info] > git status -z -uall [7ms]
2024-11-15 14:21:14.905 [info] > git for-each-ref --sort -committerdate --format %(refname) %(objectname) %(*objectname) [1ms]
2024-11-15 14:21:16.020 [info] > git config --get commit.template [6ms]
2024-11-15 14:21:16.021 [info] > git for-each-ref --format=%(refname)%00%(upstream:short)%00%(objectname)%00%(upstream:track)%00%(upstream:remotename)%00%(upstream:remoteref) refs/heads/main refs/remotes/main [2ms]
2024-11-15 14:21:16.034 [info] > git status -z -uall [5ms]
2024-11-15 14:21:16.035 [info] > git for-each-ref --sort -committerdate --format %(refname) %(objectname) %(*objectname) [2ms]
2024-11-15 14:21:16.113 [info] > git ls-files --stage -- /home/contessa/archdots/README.md [1ms]
2024-11-15 14:21:16.120 [info] > git cat-file -s de41873c4ead8802ec2dbb157e6e23658d5163a1 [2ms]
2024-11-15 14:21:16.128 [info] > git show --textconv :README.md [2ms]
2024-11-15 14:21:28.551 [info] > git config --get commit.template [7ms]
2024-11-15 14:21:28.552 [info] > git for-each-ref --format=%(refname)%00%(upstream:short)%00%(objectname)%00%(upstream:track)%00%(upstream:remotename)%00%(upstream:remoteref) refs/heads/main refs/remotes/main [2ms]
2024-11-15 14:21:28.564 [info] > git status -z -uall [6ms]
2024-11-15 14:21:28.565 [info] > git for-each-ref --sort -committerdate --format %(refname) %(objectname) %(*objectname) [2ms]
2024-11-15 14:40:03.309 [info] > git fetch [290ms]
2024-11-15 14:40:03.324 [info] > git config --get commit.template [7ms]
2024-11-15 14:40:03.325 [info] > git for-each-ref --format=%(refname)%00%(upstream:short)%00%(objectname)%00%(upstream:track)%00%(upstream:remotename)%00%(upstream:remoteref) refs/heads/main refs/remotes/main [2ms]
2024-11-15 14:40:03.338 [info] > git status -z -uall [6ms]
2024-11-15 14:40:03.340 [info] > git for-each-ref --sort -committerdate --format %(refname) %(objectname) %(*objectname) [2ms]
2024-11-15 14:40:04.441 [info] > git config --get commit.template [1ms]
2024-11-15 14:40:04.448 [info] > git for-each-ref --format=%(refname)%00%(upstream:short)%00%(objectname)%00%(upstream:track)%00%(upstream:remotename)%00%(upstream:remoteref) refs/heads/main refs/remotes/main [1ms]
2024-11-15 14:40:04.461 [info] > git status -z -uall [6ms]
2024-11-15 14:40:04.462 [info] > git for-each-ref --sort -committerdate --format %(refname) %(objectname) %(*objectname) [1ms]
2024-11-15 14:40:04.544 [info] > git ls-files --stage -- /home/contessa/archdots/README.md [1ms]
2024-11-15 14:40:04.551 [info] > git cat-file -s de41873c4ead8802ec2dbb157e6e23658d5163a1 [1ms]
2024-11-15 14:40:04.559 [info] > git show --textconv :README.md [2ms]
