2024-11-15 12:32:58.972 [info] [main] Log level: Info
2024-11-15 12:32:58.972 [info] [main] Validating found git in: "git"
2024-11-15 12:32:58.972 [info] [main] Using git "2.47.0" from "git"
2024-11-15 12:32:58.972 [info] [Model][doInitialScan] Initial repository scan started
2024-11-15 12:32:58.972 [info] > git rev-parse --show-toplevel [7ms]
2024-11-15 12:32:58.972 [info] > git rev-parse --git-dir --git-common-dir [2ms]
2024-11-15 12:32:58.972 [info] [Model][openRepository] Opened repository: /home/contessa/Documents/Assessment1
2024-11-15 12:32:58.986 [info] > git config --get commit.template [7ms]
2024-11-15 12:32:58.988 [info] > git rev-parse --show-toplevel [4ms]
2024-11-15 12:32:58.991 [info] [Model][doInitialScan] Initial repository scan completed - repositories (1), closed repositories (0), parent repositories (0), unsafe repositories (0)
2024-11-15 12:32:58.999 [info] > git for-each-ref --format=%(refname)%00%(upstream:short)%00%(objectname)%00%(upstream:track)%00%(upstream:remotename)%00%(upstream:remoteref) refs/heads/master refs/remotes/master [2ms]
2024-11-15 12:32:59.012 [info] > git status -z -uall [6ms]
2024-11-15 12:32:59.013 [info] > git for-each-ref --sort -committerdate --format %(refname) %(objectname) %(*objectname) [2ms]
2024-11-15 12:32:59.032 [info] > git for-each-ref --format=%(refname)%00%(upstream:short)%00%(objectname)%00%(upstream:track)%00%(upstream:remotename)%00%(upstream:remoteref) refs/heads/master refs/remotes/master [10ms]
2024-11-15 12:32:59.041 [info] > git config --local branch.master.vscode-merge-base [2ms]
2024-11-15 12:32:59.041 [warning] [Git][config] git config failed: Failed to execute git
2024-11-15 12:32:59.048 [info] > git config --get commit.template [17ms]
2024-11-15 12:32:59.055 [info] > git reflog master --grep-reflog=branch: Created from *. [7ms]
2024-11-15 12:32:59.063 [info] > git symbolic-ref --short refs/remotes/origin/HEAD [2ms]
2024-11-15 12:32:59.063 [info] fatal: ref refs/remotes/origin/HEAD is not a symbolic ref
2024-11-15 12:32:59.063 [warning] [Repository][getDefaultBranch] Failed to get default branch details: Failed to execute git.
2024-11-15 12:32:59.086 [info] > git for-each-ref --format=%(refname)%00%(upstream:short)%00%(objectname)%00%(upstream:track)%00%(upstream:remotename)%00%(upstream:remoteref) refs/heads/master refs/remotes/master [33ms]
2024-11-15 12:32:59.088 [info] > git merge-base refs/heads/master refs/remotes/origin/master [17ms]
2024-11-15 12:32:59.099 [info] > git diff --name-status -z --diff-filter=ADMR f6ededb53a39ae2c556fddff29fde5f918c49f3e...refs/remotes/origin/master [4ms]
2024-11-15 12:32:59.112 [info] > git status -z -uall [6ms]
2024-11-15 12:32:59.113 [info] > git for-each-ref --sort -committerdate --format %(refname) %(objectname) %(*objectname) [2ms]
2024-11-15 12:32:59.340 [info] > git show --textconv :testing.html [5ms]
2024-11-15 12:32:59.341 [info] > git ls-files --stage -- /home/contessa/Documents/Assessment1/testing.html [1ms]
2024-11-15 12:32:59.347 [info] > git cat-file -s 4b8dc0706098c327fff550f3c850f1e94e8bf78e [1ms]
2024-11-15 12:32:59.550 [info] > git check-ignore -v -z --stdin [2ms]
2024-11-15 12:32:59.607 [info] > git fetch [638ms]
2024-11-15 12:32:59.620 [info] > git config --get commit.template [5ms]
2024-11-15 12:32:59.621 [info] > git for-each-ref --format=%(refname)%00%(upstream:short)%00%(objectname)%00%(upstream:track)%00%(upstream:remotename)%00%(upstream:remoteref) refs/heads/master refs/remotes/master [2ms]
2024-11-15 12:32:59.631 [info] > git status -z -uall [5ms]
2024-11-15 12:32:59.632 [info] > git for-each-ref --sort -committerdate --format %(refname) %(objectname) %(*objectname) [2ms]
2024-11-15 12:33:04.645 [info] > git config --get commit.template [9ms]
2024-11-15 12:33:04.652 [info] > git ls-files --stage -- /home/contessa/Documents/Assessment1/testing.html [8ms]
2024-11-15 12:33:04.659 [info] > git for-each-ref --format=%(refname)%00%(upstream:short)%00%(objectname)%00%(upstream:track)%00%(upstream:remotename)%00%(upstream:remoteref) refs/heads/master refs/remotes/master [7ms]
2024-11-15 12:33:04.660 [info] > git cat-file -s 4b8dc0706098c327fff550f3c850f1e94e8bf78e [2ms]
2024-11-15 12:33:04.674 [info] > git status -z -uall [7ms]
2024-11-15 12:33:04.681 [info] > git for-each-ref --sort -committerdate --format %(refname) %(objectname) %(*objectname) [8ms]
2024-11-15 12:33:04.684 [info] > git show --textconv :testing.html [4ms]
2024-11-15 12:33:07.253 [info] [main] Log level: Info
2024-11-15 12:33:07.253 [info] [main] Validating found git in: "git"
2024-11-15 12:33:07.253 [info] [main] Using git "2.47.0" from "git"
2024-11-15 12:33:07.253 [info] [Model][doInitialScan] Initial repository scan started
2024-11-15 12:33:07.253 [info] > git rev-parse --show-toplevel [4ms]
2024-11-15 12:33:07.262 [info] > git rev-parse --git-dir --git-common-dir [4ms]
2024-11-15 12:33:07.277 [info] [Model][openRepository] Opened repository: /home/contessa/archdots
2024-11-15 12:33:07.308 [info] > git config --get commit.template [24ms]
2024-11-15 12:33:07.325 [info] > git for-each-ref --format=%(refname)%00%(upstream:short)%00%(objectname)%00%(upstream:track)%00%(upstream:remotename)%00%(upstream:remoteref) refs/heads/main refs/remotes/main [8ms]
2024-11-15 12:33:07.326 [info] > git rev-parse --show-toplevel [1ms]
2024-11-15 12:33:07.347 [info] > git status -z -uall [9ms]
2024-11-15 12:33:07.348 [info] > git rev-parse --show-toplevel [16ms]
2024-11-15 12:33:07.355 [info] > git for-each-ref --sort -committerdate --format %(refname) %(objectname) %(*objectname) [9ms]
2024-11-15 12:33:07.392 [info] > git for-each-ref --format=%(refname)%00%(upstream:short)%00%(objectname)%00%(upstream:track)%00%(upstream:remotename)%00%(upstream:remoteref) refs/heads/main refs/remotes/main [25ms]
2024-11-15 12:33:07.399 [info] > git rev-parse --show-toplevel [44ms]
2024-11-15 12:33:07.407 [info] > git config --local branch.main.vscode-merge-base [9ms]
2024-11-15 12:33:07.413 [info] > git config --get commit.template [22ms]
2024-11-15 12:33:07.414 [info] > git rev-parse --show-toplevel [8ms]
2024-11-15 12:33:07.463 [info] > git for-each-ref --format=%(refname)%00%(upstream:short)%00%(objectname)%00%(upstream:track)%00%(upstream:remotename)%00%(upstream:remoteref) refs/heads/origin/main refs/remotes/origin/main [51ms]
2024-11-15 12:33:07.501 [info] > git merge-base refs/heads/main refs/remotes/origin/main [30ms]
2024-11-15 12:33:07.508 [info] > git rev-parse --show-toplevel [49ms]
2024-11-15 12:33:07.508 [info] > git for-each-ref --format=%(refname)%00%(upstream:short)%00%(objectname)%00%(upstream:track)%00%(upstream:remotename)%00%(upstream:remoteref) refs/heads/main refs/remotes/main [53ms]
2024-11-15 12:33:07.518 [info] > git diff --name-status -z --diff-filter=ADMR adafd38476013f7d87c3027d542b65e2a95b18e6...refs/remotes/origin/main [11ms]
2024-11-15 12:33:07.520 [info] > git rev-parse --show-toplevel [3ms]
2024-11-15 12:33:07.540 [info] > git status -z -uall [8ms]
2024-11-15 12:33:07.541 [info] > git rev-parse --show-toplevel [15ms]
2024-11-15 12:33:07.558 [info] > git for-each-ref --sort -committerdate --format %(refname) %(objectname) %(*objectname) [20ms]
2024-11-15 12:33:07.562 [info] > git rev-parse --show-toplevel [13ms]
2024-11-15 12:33:07.650 [info] > git rev-parse --show-toplevel [3ms]
2024-11-15 12:33:07.653 [info] [Model][doInitialScan] Initial repository scan completed - repositories (1), closed repositories (0), parent repositories (0), unsafe repositories (0)
2024-11-15 12:33:07.669 [info] > git show --textconv :README.md [10ms]
2024-11-15 12:33:07.671 [info] > git ls-files --stage -- /home/contessa/archdots/README.md [3ms]
2024-11-15 12:33:07.678 [info] > git cat-file -s de41873c4ead8802ec2dbb157e6e23658d5163a1 [2ms]
2024-11-15 12:33:07.820 [info] > git check-ignore -v -z --stdin [2ms]
2024-11-15 12:33:07.902 [info] > git fetch [624ms]
2024-11-15 12:33:07.916 [info] > git config --get commit.template [7ms]
2024-11-15 12:33:07.917 [info] > git for-each-ref --format=%(refname)%00%(upstream:short)%00%(objectname)%00%(upstream:track)%00%(upstream:remotename)%00%(upstream:remoteref) refs/heads/main refs/remotes/main [2ms]
2024-11-15 12:33:07.942 [info] > git status -z -uall [19ms]
2024-11-15 12:33:07.943 [info] > git for-each-ref --sort -committerdate --format %(refname) %(objectname) %(*objectname) [15ms]
2024-11-15 12:33:08.997 [info] > git config --get commit.template [10ms]
2024-11-15 12:33:08.998 [info] > git for-each-ref --format=%(refname)%00%(upstream:short)%00%(objectname)%00%(upstream:track)%00%(upstream:remotename)%00%(upstream:remoteref) refs/heads/main refs/remotes/main [5ms]
2024-11-15 12:33:09.010 [info] > git status -z -uall [6ms]
2024-11-15 12:33:09.011 [info] > git for-each-ref --sort -committerdate --format %(refname) %(objectname) %(*objectname) [2ms]
2024-11-15 12:33:09.089 [info] > git ls-files --stage -- /home/contessa/archdots/README.md [2ms]
2024-11-15 12:33:09.095 [info] > git cat-file -s de41873c4ead8802ec2dbb157e6e23658d5163a1 [1ms]
2024-11-15 12:33:09.106 [info] > git show --textconv :README.md [1ms]
2024-11-15 12:35:55.871 [info] > git config --get commit.template [7ms]
2024-11-15 12:35:55.872 [info] > git for-each-ref --format=%(refname)%00%(upstream:short)%00%(objectname)%00%(upstream:track)%00%(upstream:remotename)%00%(upstream:remoteref) refs/heads/main refs/remotes/main [2ms]
2024-11-15 12:35:55.885 [info] > git status -z -uall [7ms]
2024-11-15 12:35:55.885 [info] > git for-each-ref --sort -committerdate --format %(refname) %(objectname) %(*objectname) [2ms]
2024-11-15 12:36:07.190 [info] > git config --get commit.template [7ms]
2024-11-15 12:36:07.190 [info] > git for-each-ref --format=%(refname)%00%(upstream:short)%00%(objectname)%00%(upstream:track)%00%(upstream:remotename)%00%(upstream:remoteref) refs/heads/main refs/remotes/main [1ms]
2024-11-15 12:36:07.203 [info] > git status -z -uall [6ms]
2024-11-15 12:36:07.204 [info] > git for-each-ref --sort -committerdate --format %(refname) %(objectname) %(*objectname) [1ms]
2024-11-15 12:36:08.300 [info] > git fetch [347ms]
2024-11-15 12:36:08.313 [info] > git config --get commit.template [6ms]
2024-11-15 12:36:08.313 [info] > git for-each-ref --format=%(refname)%00%(upstream:short)%00%(objectname)%00%(upstream:track)%00%(upstream:remotename)%00%(upstream:remoteref) refs/heads/main refs/remotes/main [1ms]
2024-11-15 12:36:08.325 [info] > git status -z -uall [6ms]
2024-11-15 12:36:08.326 [info] > git for-each-ref --sort -committerdate --format %(refname) %(objectname) %(*objectname) [2ms]
2024-11-15 12:36:09.534 [info] > git ls-files --stage -- /home/contessa/archdots/README.md [1ms]
2024-11-15 12:36:09.543 [info] > git cat-file -s de41873c4ead8802ec2dbb157e6e23658d5163a1 [1ms]
2024-11-15 12:36:09.553 [info] > git show --textconv :README.md [2ms]
2024-11-15 12:36:12.223 [info] > git config --get commit.template [6ms]
2024-11-15 12:36:12.224 [info] > git for-each-ref --format=%(refname)%00%(upstream:short)%00%(objectname)%00%(upstream:track)%00%(upstream:remotename)%00%(upstream:remoteref) refs/heads/main refs/remotes/main [2ms]
2024-11-15 12:36:12.235 [info] > git status -z -uall [6ms]
2024-11-15 12:36:12.236 [info] > git for-each-ref --sort -committerdate --format %(refname) %(objectname) %(*objectname) [1ms]
2024-11-15 12:39:10.471 [info] > git fetch [367ms]
2024-11-15 12:39:10.486 [info] > git config --get commit.template [8ms]
2024-11-15 12:39:10.487 [info] > git for-each-ref --format=%(refname)%00%(upstream:short)%00%(objectname)%00%(upstream:track)%00%(upstream:remotename)%00%(upstream:remoteref) refs/heads/main refs/remotes/main [2ms]
2024-11-15 12:39:10.501 [info] > git status -z -uall [7ms]
2024-11-15 12:39:10.503 [info] > git for-each-ref --sort -committerdate --format %(refname) %(objectname) %(*objectname) [2ms]
2024-11-15 12:39:11.616 [info] > git config --get commit.template [7ms]
2024-11-15 12:39:11.617 [info] > git for-each-ref --format=%(refname)%00%(upstream:short)%00%(objectname)%00%(upstream:track)%00%(upstream:remotename)%00%(upstream:remoteref) refs/heads/main refs/remotes/main [1ms]
2024-11-15 12:39:11.631 [info] > git status -z -uall [6ms]
2024-11-15 12:39:11.632 [info] > git for-each-ref --sort -committerdate --format %(refname) %(objectname) %(*objectname) [2ms]
2024-11-15 12:39:11.709 [info] > git ls-files --stage -- /home/contessa/archdots/README.md [2ms]
2024-11-15 12:39:11.716 [info] > git cat-file -s de41873c4ead8802ec2dbb157e6e23658d5163a1 [2ms]
2024-11-15 12:39:11.725 [info] > git show --textconv :README.md [2ms]
2024-11-15 12:39:57.800 [info] > git config --get commit.template [7ms]
2024-11-15 12:39:57.802 [info] > git for-each-ref --format=%(refname)%00%(upstream:short)%00%(objectname)%00%(upstream:track)%00%(upstream:remotename)%00%(upstream:remoteref) refs/heads/main refs/remotes/main [2ms]
2024-11-15 12:39:57.815 [info] > git status -z -uall [6ms]
2024-11-15 12:39:57.816 [info] > git for-each-ref --sort -committerdate --format %(refname) %(objectname) %(*objectname) [1ms]
2024-11-15 12:40:30.586 [info] > git config --get commit.template [7ms]
2024-11-15 12:40:30.587 [info] > git for-each-ref --format=%(refname)%00%(upstream:short)%00%(objectname)%00%(upstream:track)%00%(upstream:remotename)%00%(upstream:remoteref) refs/heads/main refs/remotes/main [2ms]
2024-11-15 12:40:30.599 [info] > git status -z -uall [6ms]
2024-11-15 12:40:30.600 [info] > git for-each-ref --sort -committerdate --format %(refname) %(objectname) %(*objectname) [2ms]
2024-11-15 12:42:10.975 [info] > git fetch [462ms]
2024-11-15 12:42:10.984 [info] > git config --get commit.template [1ms]
2024-11-15 12:42:10.991 [info] > git for-each-ref --format=%(refname)%00%(upstream:short)%00%(objectname)%00%(upstream:track)%00%(upstream:remotename)%00%(upstream:remoteref) refs/heads/main refs/remotes/main [2ms]
2024-11-15 12:42:11.003 [info] > git status -z -uall [6ms]
2024-11-15 12:42:11.004 [info] > git for-each-ref --sort -committerdate --format %(refname) %(objectname) %(*objectname) [1ms]
2024-11-15 12:42:12.110 [info] > git config --get commit.template [1ms]
2024-11-15 12:42:12.117 [info] > git for-each-ref --format=%(refname)%00%(upstream:short)%00%(objectname)%00%(upstream:track)%00%(upstream:remotename)%00%(upstream:remoteref) refs/heads/main refs/remotes/main [2ms]
2024-11-15 12:42:12.130 [info] > git status -z -uall [7ms]
2024-11-15 12:42:12.131 [info] > git for-each-ref --sort -committerdate --format %(refname) %(objectname) %(*objectname) [2ms]
2024-11-15 12:42:12.210 [info] > git ls-files --stage -- /home/contessa/archdots/README.md [1ms]
2024-11-15 12:42:12.217 [info] > git cat-file -s de41873c4ead8802ec2dbb157e6e23658d5163a1 [2ms]
2024-11-15 12:42:12.224 [info] > git show --textconv :README.md [1ms]
2024-11-15 12:44:26.014 [info] > git config --get commit.template [7ms]
2024-11-15 12:44:26.015 [info] > git for-each-ref --format=%(refname)%00%(upstream:short)%00%(objectname)%00%(upstream:track)%00%(upstream:remotename)%00%(upstream:remoteref) refs/heads/main refs/remotes/main [2ms]
2024-11-15 12:44:26.028 [info] > git status -z -uall [7ms]
2024-11-15 12:44:26.029 [info] > git for-each-ref --sort -committerdate --format %(refname) %(objectname) %(*objectname) [2ms]
2024-11-15 12:45:11.285 [info] > git fetch [269ms]
2024-11-15 12:45:11.300 [info] > git config --get commit.template [7ms]
2024-11-15 12:45:11.301 [info] > git for-each-ref --format=%(refname)%00%(upstream:short)%00%(objectname)%00%(upstream:track)%00%(upstream:remotename)%00%(upstream:remoteref) refs/heads/main refs/remotes/main [2ms]
2024-11-15 12:45:11.315 [info] > git status -z -uall [6ms]
2024-11-15 12:45:11.317 [info] > git for-each-ref --sort -committerdate --format %(refname) %(objectname) %(*objectname) [2ms]
2024-11-15 12:45:12.423 [info] > git config --get commit.template [7ms]
2024-11-15 12:45:12.424 [info] > git for-each-ref --format=%(refname)%00%(upstream:short)%00%(objectname)%00%(upstream:track)%00%(upstream:remotename)%00%(upstream:remoteref) refs/heads/main refs/remotes/main [2ms]
2024-11-15 12:45:12.438 [info] > git status -z -uall [7ms]
2024-11-15 12:45:12.440 [info] > git for-each-ref --sort -committerdate --format %(refname) %(objectname) %(*objectname) [2ms]
2024-11-15 12:45:12.520 [info] > git ls-files --stage -- /home/contessa/archdots/README.md [1ms]
2024-11-15 12:45:12.526 [info] > git cat-file -s de41873c4ead8802ec2dbb157e6e23658d5163a1 [1ms]
2024-11-15 12:45:12.535 [info] > git show --textconv :README.md [2ms]
2024-11-15 12:45:36.881 [info] > git config --get commit.template [7ms]
2024-11-15 12:45:36.882 [info] > git for-each-ref --format=%(refname)%00%(upstream:short)%00%(objectname)%00%(upstream:track)%00%(upstream:remotename)%00%(upstream:remoteref) refs/heads/main refs/remotes/main [2ms]
2024-11-15 12:45:36.896 [info] > git status -z -uall [7ms]
2024-11-15 12:45:36.897 [info] > git for-each-ref --sort -committerdate --format %(refname) %(objectname) %(*objectname) [2ms]
2024-11-15 12:46:46.357 [info] > git config --get commit.template [8ms]
2024-11-15 12:46:46.359 [info] > git for-each-ref --format=%(refname)%00%(upstream:short)%00%(objectname)%00%(upstream:track)%00%(upstream:remotename)%00%(upstream:remoteref) refs/heads/main refs/remotes/main [2ms]
2024-11-15 12:46:46.374 [info] > git status -z -uall [8ms]
2024-11-15 12:46:46.375 [info] > git for-each-ref --sort -committerdate --format %(refname) %(objectname) %(*objectname) [2ms]
2024-11-15 12:47:59.467 [info] > git config --get commit.template [6ms]
2024-11-15 12:47:59.469 [info] > git for-each-ref --format=%(refname)%00%(upstream:short)%00%(objectname)%00%(upstream:track)%00%(upstream:remotename)%00%(upstream:remoteref) refs/heads/main refs/remotes/main [1ms]
2024-11-15 12:47:59.481 [info] > git status -z -uall [6ms]
2024-11-15 12:47:59.482 [info] > git for-each-ref --sort -committerdate --format %(refname) %(objectname) %(*objectname) [2ms]
2024-11-15 12:48:52.090 [info] > git ls-files --stage -- /home/contessa/archdots/README.md [1ms]
2024-11-15 12:48:52.098 [info] > git cat-file -s de41873c4ead8802ec2dbb157e6e23658d5163a1 [2ms]
2024-11-15 12:48:52.107 [info] > git show --textconv :README.md [2ms]
2024-11-15 12:48:52.370 [info] > git fetch [1471ms]
2024-11-15 12:48:52.386 [info] > git config --get commit.template [8ms]
2024-11-15 12:48:52.387 [info] > git for-each-ref --format=%(refname)%00%(upstream:short)%00%(objectname)%00%(upstream:track)%00%(upstream:remotename)%00%(upstream:remoteref) refs/heads/main refs/remotes/main [2ms]
2024-11-15 12:48:52.401 [info] > git status -z -uall [7ms]
2024-11-15 12:48:52.402 [info] > git for-each-ref --sort -committerdate --format %(refname) %(objectname) %(*objectname) [2ms]
2024-11-15 12:48:53.461 [info] > git config --get commit.template [7ms]
2024-11-15 12:48:53.462 [info] > git for-each-ref --format=%(refname)%00%(upstream:short)%00%(objectname)%00%(upstream:track)%00%(upstream:remotename)%00%(upstream:remoteref) refs/heads/main refs/remotes/main [2ms]
2024-11-15 12:48:53.475 [info] > git status -z -uall [7ms]
2024-11-15 12:48:53.476 [info] > git for-each-ref --sort -committerdate --format %(refname) %(objectname) %(*objectname) [2ms]
2024-11-15 12:48:53.555 [info] > git ls-files --stage -- /home/contessa/archdots/README.md [2ms]
2024-11-15 12:48:53.562 [info] > git cat-file -s de41873c4ead8802ec2dbb157e6e23658d5163a1 [2ms]
2024-11-15 12:48:53.570 [info] > git show --textconv :README.md [1ms]
2024-11-15 12:49:06.801 [info] [main] Log level: Info
2024-11-15 12:49:06.802 [info] [main] Validating found git in: "git"
2024-11-15 12:49:06.802 [info] [main] Using git "2.47.0" from "git"
2024-11-15 12:49:06.802 [info] [Model][doInitialScan] Initial repository scan started
2024-11-15 12:49:06.802 [info] > git rev-parse --show-toplevel [35ms]
2024-11-15 12:49:06.802 [info] fatal: not a git repository (or any of the parent directories): .git
2024-11-15 12:49:06.802 [info] [Model][doInitialScan] Initial repository scan completed - repositories (0), closed repositories (0), parent repositories (0), unsafe repositories (0)
2024-11-15 12:49:08.385 [info] > git rev-parse --show-toplevel [2ms]
2024-11-15 12:49:08.385 [info] fatal: not a git repository (or any of the parent directories): .git
2024-11-15 12:49:40.308 [info] [main] Log level: Info
2024-11-15 12:49:40.308 [info] [main] Validating found git in: "git"
2024-11-15 12:49:40.308 [info] [main] Using git "2.47.0" from "git"
2024-11-15 12:49:40.308 [info] [Model][doInitialScan] Initial repository scan started
2024-11-15 12:49:40.308 [info] > git rev-parse --show-toplevel [29ms]
2024-11-15 12:49:40.313 [info] > git rev-parse --git-dir --git-common-dir [1ms]
2024-11-15 12:49:40.330 [info] [Model][openRepository] Opened repository: /home/contessa/Documents/test/Assessment1
2024-11-15 12:49:40.347 [info] > git rev-parse --show-toplevel [4ms]
2024-11-15 12:49:40.351 [info] [Model][doInitialScan] Initial repository scan completed - repositories (1), closed repositories (0), parent repositories (0), unsafe repositories (0)
2024-11-15 12:49:40.352 [info] > git config --get commit.template [14ms]
2024-11-15 12:49:40.401 [info] > git for-each-ref --format=%(refname)%00%(upstream:short)%00%(objectname)%00%(upstream:track)%00%(upstream:remotename)%00%(upstream:remoteref) refs/heads/master refs/remotes/master [16ms]
2024-11-15 12:49:40.421 [info] > git for-each-ref --sort -committerdate --format %(refname) %(objectname) %(*objectname) [6ms]
2024-11-15 12:49:40.424 [info] > git status -z -uall [15ms]
2024-11-15 12:49:40.446 [info] > git for-each-ref --format=%(refname)%00%(upstream:short)%00%(objectname)%00%(upstream:track)%00%(upstream:remotename)%00%(upstream:remoteref) refs/heads/master refs/remotes/master [11ms]
2024-11-15 12:49:40.490 [info] > git config --local branch.master.vscode-merge-base [37ms]
2024-11-15 12:49:40.490 [warning] [Git][config] git config failed: Failed to execute git
2024-11-15 12:49:40.495 [info] > git config --get commit.template [50ms]
2024-11-15 12:49:40.517 [info] > git reflog master --grep-reflog=branch: Created from *. [22ms]
2024-11-15 12:49:40.531 [info] > git symbolic-ref --short refs/remotes/origin/HEAD [8ms]
2024-11-15 12:49:40.531 [info] fatal: ref refs/remotes/origin/HEAD is not a symbolic ref
2024-11-15 12:49:40.531 [warning] [Repository][getDefaultBranch] Failed to get default branch details: Failed to execute git.
2024-11-15 12:49:40.551 [info] > git merge-base refs/heads/master refs/remotes/origin/master [14ms]
2024-11-15 12:49:40.557 [info] > git for-each-ref --format=%(refname)%00%(upstream:short)%00%(objectname)%00%(upstream:track)%00%(upstream:remotename)%00%(upstream:remoteref) refs/heads/master refs/remotes/master [27ms]
2024-11-15 12:49:40.622 [info] > git diff --name-status -z --diff-filter=ADMR f6ededb53a39ae2c556fddff29fde5f918c49f3e...refs/remotes/origin/master [65ms]
2024-11-15 12:49:40.636 [info] > git for-each-ref --sort -committerdate --format %(refname) %(objectname) %(*objectname) [2ms]
2024-11-15 12:49:40.639 [info] > git status -z -uall [11ms]
2024-11-15 12:49:40.863 [info] > git check-ignore -v -z --stdin [1ms]
2024-11-15 12:49:40.906 [info] > git fetch [577ms]
2024-11-15 12:49:40.906 [info] Missing or invalid credentials.
Skip silent fetch commands
Missing or invalid credentials.
Skip silent fetch commands
remote: Repository not found.
fatal: Authentication failed for 'https://github.com/ShadowPlagueXx/webassess1.git/'
2024-11-15 12:49:40.922 [info] > git config --get commit.template [8ms]
2024-11-15 12:49:40.923 [info] > git for-each-ref --format=%(refname)%00%(upstream:short)%00%(objectname)%00%(upstream:track)%00%(upstream:remotename)%00%(upstream:remoteref) refs/heads/master refs/remotes/master [2ms]
2024-11-15 12:49:40.939 [info] > git for-each-ref --sort -committerdate --format %(refname) %(objectname) %(*objectname) [2ms]
2024-11-15 12:49:40.945 [info] > git status -z -uall [15ms]
2024-11-15 12:49:42.033 [info] > git show --textconv :picnics.html [14ms]
2024-11-15 12:49:42.035 [info] > git ls-files --stage -- /home/contessa/Documents/test/Assessment1/picnics.html [9ms]
2024-11-15 12:49:42.042 [info] > git cat-file -s 852cfe6d9dfddc840c5f2c634fef092cea3bf9cb [1ms]
2024-11-15 12:55:54.187 [info] [main] Log level: Info
2024-11-15 12:55:54.187 [info] [main] Validating found git in: "git"
2024-11-15 12:55:54.188 [info] [main] Using git "2.47.0" from "git"
2024-11-15 12:55:54.188 [info] [Model][doInitialScan] Initial repository scan started
2024-11-15 12:55:54.188 [info] > git rev-parse --show-toplevel [5ms]
2024-11-15 12:55:54.196 [info] > git rev-parse --git-dir --git-common-dir [1ms]
2024-11-15 12:55:54.215 [info] [Model][openRepository] Opened repository: /home/contessa/archdots
2024-11-15 12:55:54.265 [info] > git config --get commit.template [37ms]
2024-11-15 12:55:54.318 [info] > git for-each-ref --format=%(refname)%00%(upstream:short)%00%(objectname)%00%(upstream:track)%00%(upstream:remotename)%00%(upstream:remoteref) refs/heads/main refs/remotes/main [14ms]
2024-11-15 12:55:54.319 [info] > git rev-parse --show-toplevel [3ms]
2024-11-15 12:55:54.351 [info] > git status -z -uall [12ms]
2024-11-15 12:55:54.352 [info] > git rev-parse --show-toplevel [24ms]
2024-11-15 12:55:54.353 [info] > git for-each-ref --sort -committerdate --format %(refname) %(objectname) %(*objectname) [4ms]
2024-11-15 12:55:54.383 [info] > git for-each-ref --format=%(refname)%00%(upstream:short)%00%(objectname)%00%(upstream:track)%00%(upstream:remotename)%00%(upstream:remoteref) refs/heads/main refs/remotes/main [17ms]
2024-11-15 12:55:54.392 [info] > git config --local branch.main.vscode-merge-base [3ms]
2024-11-15 12:55:54.399 [info] > git config --get commit.template [17ms]
2024-11-15 12:55:54.399 [info] > git rev-parse --show-toplevel [23ms]
2024-11-15 12:55:54.406 [info] > git for-each-ref --format=%(refname)%00%(upstream:short)%00%(objectname)%00%(upstream:track)%00%(upstream:remotename)%00%(upstream:remoteref) refs/heads/origin/main refs/remotes/origin/main [8ms]
2024-11-15 12:55:54.475 [info] > git merge-base refs/heads/main refs/remotes/origin/main [62ms]
2024-11-15 12:55:54.482 [info] > git rev-parse --show-toplevel [76ms]
2024-11-15 12:55:54.519 [info] > git diff --name-status -z --diff-filter=ADMR adafd38476013f7d87c3027d542b65e2a95b18e6...refs/remotes/origin/main [38ms]
2024-11-15 12:55:54.520 [info] > git for-each-ref --format=%(refname)%00%(upstream:short)%00%(objectname)%00%(upstream:track)%00%(upstream:remotename)%00%(upstream:remoteref) refs/heads/main refs/remotes/main [51ms]
2024-11-15 12:55:54.524 [info] > git rev-parse --show-toplevel [6ms]
2024-11-15 12:55:54.533 [info] > git fetch [318ms]
2024-11-15 12:55:54.543 [info] > git rev-parse --show-toplevel [11ms]
2024-11-15 12:55:54.630 [info] > git config --get commit.template [88ms]
2024-11-15 12:55:54.631 [info] > git rev-parse --show-toplevel [2ms]
2024-11-15 12:55:54.642 [info] > git for-each-ref --format=%(refname)%00%(upstream:short)%00%(objectname)%00%(upstream:track)%00%(upstream:remotename)%00%(upstream:remoteref) refs/heads/main refs/remotes/main [6ms]
2024-11-15 12:55:54.642 [info] > git rev-parse --show-toplevel [2ms]
2024-11-15 12:55:54.649 [info] > git rev-parse --show-toplevel [1ms]
2024-11-15 12:55:54.653 [info] [Model][doInitialScan] Initial repository scan completed - repositories (1), closed repositories (0), parent repositories (0), unsafe repositories (0)
2024-11-15 12:55:54.666 [info] > git status -z -uall [8ms]
2024-11-15 12:55:54.667 [info] > git for-each-ref --sort -committerdate --format %(refname) %(objectname) %(*objectname) [3ms]
2024-11-15 12:55:54.706 [info] > git show --textconv :README.md [7ms]
2024-11-15 12:55:54.707 [info] > git ls-files --stage -- /home/contessa/archdots/README.md [2ms]
2024-11-15 12:55:54.714 [info] > git cat-file -s de41873c4ead8802ec2dbb157e6e23658d5163a1 [2ms]
2024-11-15 12:55:54.770 [info] > git check-ignore -v -z --stdin [3ms]
