2024-11-15 12:32:59.215 [info] Reading sessions from keychain...
2024-11-15 12:32:59.215 [info] Getting sessions for all scopes...
2024-11-15 12:32:59.215 [info] Getting sessions for all scopes...
2024-11-15 12:32:59.215 [info] Getting sessions for all scopes...
2024-11-15 12:32:59.215 [info] Getting sessions for read:user,repo,user:email,workflow...
2024-11-15 12:32:59.451 [info] Got stored sessions!
2024-11-15 12:32:59.451 [info] Got 1 verified sessions.
2024-11-15 12:32:59.451 [info] Got 1 sessions for ...
2024-11-15 12:32:59.451 [info] Got 1 sessions for ...
2024-11-15 12:32:59.451 [info] Got 1 sessions for ...
2024-11-15 12:32:59.451 [info] Got 1 sessions for read:user,repo,user:email,workflow...
2024-11-15 12:32:59.764 [info] Getting sessions for read:user,repo,user:email,workflow...
2024-11-15 12:32:59.764 [info] Got 1 sessions for read:user,repo,user:email,workflow...
2024-11-15 12:33:00.887 [info] Getting sessions for all scopes...
2024-11-15 12:33:00.887 [info] Got 1 sessions for ...
2024-11-15 12:33:07.539 [info] Reading sessions from keychain...
2024-11-15 12:33:07.539 [info] Getting sessions for all scopes...
2024-11-15 12:33:07.539 [info] Getting sessions for all scopes...
2024-11-15 12:33:07.539 [info] Getting sessions for all scopes...
2024-11-15 12:33:07.539 [info] Got stored sessions!
2024-11-15 12:33:07.539 [info] Got 1 verified sessions.
2024-11-15 12:33:07.539 [info] Got 1 sessions for ...
2024-11-15 12:33:07.539 [info] Got 1 sessions for ...
2024-11-15 12:33:07.539 [info] Got 1 sessions for ...
2024-11-15 12:33:07.541 [info] Getting sessions for read:user,repo,user:email,workflow...
2024-11-15 12:33:07.541 [info] Got 1 sessions for read:user,repo,user:email,workflow...
2024-11-15 12:33:08.158 [info] Getting sessions for read:user,repo,user:email,workflow...
2024-11-15 12:33:08.158 [info] Got 1 sessions for read:user,repo,user:email,workflow...
2024-11-15 12:33:09.469 [info] Getting sessions for all scopes...
2024-11-15 12:33:09.469 [info] Got 1 sessions for ...
2024-11-15 12:49:40.623 [info] Reading sessions from keychain...
2024-11-15 12:49:40.623 [info] Getting sessions for all scopes...
2024-11-15 12:49:40.623 [info] Getting sessions for all scopes...
2024-11-15 12:49:40.623 [info] Getting sessions for all scopes...
2024-11-15 12:49:40.623 [info] Got stored sessions!
2024-11-15 12:49:40.623 [info] Got 1 verified sessions.
2024-11-15 12:49:40.623 [info] Got 1 sessions for ...
2024-11-15 12:49:40.623 [info] Got 1 sessions for ...
2024-11-15 12:49:40.623 [info] Got 1 sessions for ...
2024-11-15 12:49:40.623 [info] Getting sessions for read:user,repo,user:email,workflow...
2024-11-15 12:49:40.623 [info] Got 1 sessions for read:user,repo,user:email,workflow...
2024-11-15 12:49:40.891 [info] Getting sessions for read:user,repo,user:email,workflow...
2024-11-15 12:49:40.891 [info] Got 1 sessions for read:user,repo,user:email,workflow...
2024-11-15 12:49:42.120 [info] Getting sessions for all scopes...
2024-11-15 12:49:42.120 [info] Got 1 sessions for ...
2024-11-15 12:55:54.624 [info] Reading sessions from keychain...
2024-11-15 12:55:54.624 [info] Getting sessions for all scopes...
2024-11-15 12:55:54.624 [info] Getting sessions for all scopes...
2024-11-15 12:55:54.624 [info] Getting sessions for all scopes...
2024-11-15 12:55:54.624 [info] Got stored sessions!
2024-11-15 12:55:54.624 [info] Got 1 verified sessions.
2024-11-15 12:55:54.624 [info] Got 1 sessions for ...
2024-11-15 12:55:54.624 [info] Got 1 sessions for ...
2024-11-15 12:55:54.624 [info] Got 1 sessions for ...
2024-11-15 12:55:54.624 [info] Getting sessions for read:user,repo,user:email,workflow...
2024-11-15 12:55:54.624 [info] Got 1 sessions for read:user,repo,user:email,workflow...
2024-11-15 12:55:54.890 [info] Getting sessions for read:user,repo,user:email,workflow...
2024-11-15 12:55:54.891 [info] Got 1 sessions for read:user,repo,user:email,workflow...
2024-11-15 12:55:56.397 [info] Getting sessions for all scopes...
2024-11-15 12:55:56.398 [info] Got 1 sessions for ...
