2024-11-17 02:10:22.636 [info] [main] Log level: Info
2024-11-17 02:10:22.637 [info] [main] Validating found git in: "git"
2024-11-17 02:10:22.637 [info] [main] Using git "2.47.0" from "git"
2024-11-17 02:10:22.637 [info] [Model][doInitialScan] Initial repository scan started
2024-11-17 02:10:22.637 [info] > git rev-parse --show-toplevel [3ms]
2024-11-17 02:10:22.637 [info] > git rev-parse --git-dir --git-common-dir [1ms]
2024-11-17 02:10:22.637 [info] [Model][openRepository] Opened repository: /home/contessa/archdots
2024-11-17 02:10:22.646 [info] > git rev-parse --show-toplevel [3ms]
2024-11-17 02:10:22.647 [info] > git config --get commit.template [7ms]
2024-11-17 02:10:22.654 [info] > git for-each-ref --format=%(refname)%00%(upstream:short)%00%(objectname)%00%(upstream:track)%00%(upstream:remotename)%00%(upstream:remoteref) refs/heads/main refs/remotes/main [1ms]
2024-11-17 02:10:22.669 [info] > git status -z -uall [6ms]
2024-11-17 02:10:22.670 [info] > git rev-parse --show-toplevel [12ms]
2024-11-17 02:10:22.674 [info] > git for-each-ref --sort -committerdate --format %(refname) %(objectname) %(*objectname) [6ms]
2024-11-17 02:10:22.688 [info] > git for-each-ref --format=%(refname)%00%(upstream:short)%00%(objectname)%00%(upstream:track)%00%(upstream:remotename)%00%(upstream:remoteref) refs/heads/main refs/remotes/main [5ms]
2024-11-17 02:10:22.692 [info] > git rev-parse --show-toplevel [19ms]
2024-11-17 02:10:22.697 [info] > git config --get commit.template [9ms]
2024-11-17 02:10:22.700 [info] > git rev-parse --show-toplevel [4ms]
2024-11-17 02:10:22.701 [info] > git config --local branch.main.vscode-merge-base [8ms]
2024-11-17 02:10:22.741 [info] > git for-each-ref --format=%(refname)%00%(upstream:short)%00%(objectname)%00%(upstream:track)%00%(upstream:remotename)%00%(upstream:remoteref) refs/heads/origin/main refs/remotes/origin/main [36ms]
2024-11-17 02:10:22.765 [info] > git merge-base refs/heads/main refs/remotes/origin/main [19ms]
2024-11-17 02:10:22.769 [info] > git rev-parse --show-toplevel [32ms]
2024-11-17 02:10:22.769 [info] > git for-each-ref --format=%(refname)%00%(upstream:short)%00%(objectname)%00%(upstream:track)%00%(upstream:remotename)%00%(upstream:remoteref) refs/heads/main refs/remotes/main [34ms]
2024-11-17 02:10:22.774 [info] > git diff --name-status -z --diff-filter=ADMR adafd38476013f7d87c3027d542b65e2a95b18e6...refs/remotes/origin/main [5ms]
2024-11-17 02:10:22.775 [info] > git rev-parse --show-toplevel [2ms]
2024-11-17 02:10:22.787 [info] > git status -z -uall [5ms]
2024-11-17 02:10:22.787 [info] > git rev-parse --show-toplevel [8ms]
2024-11-17 02:10:22.796 [info] > git for-each-ref --sort -committerdate --format %(refname) %(objectname) %(*objectname) [10ms]
2024-11-17 02:10:22.800 [info] > git rev-parse --show-toplevel [10ms]
2024-11-17 02:10:22.805 [info] > git rev-parse --show-toplevel [1ms]
2024-11-17 02:10:22.812 [info] > git rev-parse --show-toplevel [2ms]
2024-11-17 02:10:22.817 [info] > git rev-parse --show-toplevel [1ms]
2024-11-17 02:10:22.821 [info] > git rev-parse --show-toplevel [1ms]
2024-11-17 02:10:22.823 [info] [Model][doInitialScan] Initial repository scan completed - repositories (1), closed repositories (0), parent repositories (0), unsafe repositories (0)
2024-11-17 02:10:22.900 [info] > git fetch [265ms]
2024-11-17 02:10:22.906 [info] > git config --get commit.template [2ms]
2024-11-17 02:10:22.911 [info] > git for-each-ref --format=%(refname)%00%(upstream:short)%00%(objectname)%00%(upstream:track)%00%(upstream:remotename)%00%(upstream:remoteref) refs/heads/main refs/remotes/main [2ms]
2024-11-17 02:10:22.925 [info] > git status -z -uall [10ms]
2024-11-17 02:10:22.926 [info] > git for-each-ref --sort -committerdate --format %(refname) %(objectname) %(*objectname) [8ms]
2024-11-17 02:10:23.153 [info] > git check-ignore -v -z --stdin [1ms]
2024-11-17 02:10:23.247 [info] > git show --textconv :fuzzel/fuzzel-default.ini [7ms]
2024-11-17 02:10:23.248 [info] > git ls-files --stage -- /home/contessa/archdots/fuzzel/fuzzel-default.ini [2ms]
2024-11-17 02:10:23.255 [info] > git cat-file -s c62eeb1148e20b44c9ec3ec18d3fc314ee357991 [2ms]
2024-11-17 02:10:23.574 [info] > git log --format=%H%n%aN%n%aE%n%at%n%ct%n%P%n%D%n%B -z --shortstat --diff-merges=first-parent -n50 --skip=0 --topo-order --decorate=full --stdin [4ms]
2024-11-17 02:10:24.040 [info] > git config --get commit.template [8ms]
2024-11-17 02:10:24.042 [info] > git for-each-ref --format=%(refname)%00%(upstream:short)%00%(objectname)%00%(upstream:track)%00%(upstream:remotename)%00%(upstream:remoteref) refs/heads/main refs/remotes/main [3ms]
2024-11-17 02:10:24.054 [info] > git status -z -uall [6ms]
2024-11-17 02:10:24.056 [info] > git for-each-ref --sort -committerdate --format %(refname) %(objectname) %(*objectname) [1ms]
2024-11-17 02:10:24.135 [info] > git ls-files --stage -- /home/contessa/archdots/fuzzel/fuzzel-default.ini [1ms]
2024-11-17 02:10:24.149 [info] > git cat-file -s c62eeb1148e20b44c9ec3ec18d3fc314ee357991 [8ms]
2024-11-17 02:10:24.170 [info] > git show --textconv :fuzzel/fuzzel-default.ini [2ms]
2024-11-17 02:10:34.562 [info] > git add -A -- . [2ms]
2024-11-17 02:10:34.563 [info] warning: adding embedded git repository: grub-theme/bsol
hint: You've added another git repository inside your current repository.
hint: Clones of the outer repository will not contain the contents of
hint: the embedded repository and will not know how to obtain it.
hint: If you meant to add a submodule, use:
hint:
hint: 	git submodule add <url> grub-theme/bsol
hint:
hint: If you added this path by mistake, you can remove it from the
hint: index with:
hint:
hint: 	git rm --cached grub-theme/bsol
hint:
hint: See "git help submodule" for more information.
hint: Disable this message with "git config advice.addEmbeddedRepo false"
2024-11-17 02:10:34.572 [info] > git -c user.useConfigOnly=true commit --quiet --allow-empty-message --file - [4ms]
2024-11-17 02:10:34.577 [info] > git config --get commit.template [1ms]
2024-11-17 02:10:34.581 [info] > git config --get commit.template [1ms]
2024-11-17 02:10:34.585 [info] > git for-each-ref --format=%(refname)%00%(upstream:short)%00%(objectname)%00%(upstream:track)%00%(upstream:remotename)%00%(upstream:remoteref) refs/heads/main refs/remotes/main [1ms]
2024-11-17 02:10:34.594 [info] > git for-each-ref --sort -committerdate --format %(refname) %(objectname) %(*objectname) [1ms]
2024-11-17 02:10:34.595 [info] > git status -z -uall [6ms]
2024-11-17 02:10:34.602 [info] > git merge-base refs/heads/main refs/remotes/origin/main [2ms]
2024-11-17 02:10:34.610 [info] > git diff --name-status -z --diff-filter=ADMR adafd38476013f7d87c3027d542b65e2a95b18e6...refs/remotes/origin/main [3ms]
2024-11-17 02:10:34.622 [info] > git log --format=%H%n%aN%n%aE%n%at%n%ct%n%P%n%D%n%B -z --shortstat --diff-merges=first-parent -n50 --skip=0 --topo-order --decorate=full --stdin [6ms]
2024-11-17 02:10:34.623 [info] > git config --get commit.template [1ms]
2024-11-17 02:10:34.629 [info] > git for-each-ref --format=%(refname)%00%(upstream:short)%00%(objectname)%00%(upstream:track)%00%(upstream:remotename)%00%(upstream:remoteref) refs/heads/main refs/remotes/main [2ms]
2024-11-17 02:10:34.637 [info] > git for-each-ref --sort -committerdate --format %(refname) %(objectname) %(*objectname) [1ms]
2024-11-17 02:10:34.639 [info] > git status -z -uall [7ms]
2024-11-17 02:10:35.261 [info] > git check-ignore -v -z --stdin [1ms]
2024-11-17 02:10:35.655 [info] > git config --get commit.template [7ms]
2024-11-17 02:10:35.656 [info] > git for-each-ref --format=%(refname)%00%(upstream:short)%00%(objectname)%00%(upstream:track)%00%(upstream:remotename)%00%(upstream:remoteref) refs/heads/main refs/remotes/main [2ms]
2024-11-17 02:10:35.671 [info] > git status -z -uall [8ms]
2024-11-17 02:10:35.671 [info] > git for-each-ref --sort -committerdate --format %(refname) %(objectname) %(*objectname) [2ms]
2024-11-17 02:10:35.753 [info] > git ls-files --stage -- /home/contessa/archdots/fuzzel/fuzzel-default.ini [1ms]
2024-11-17 02:10:35.760 [info] > git cat-file -s c62eeb1148e20b44c9ec3ec18d3fc314ee357991 [2ms]
2024-11-17 02:10:35.769 [info] > git show --textconv :fuzzel/fuzzel-default.ini [2ms]
2024-11-17 02:10:41.441 [info] > git add -A -- . [6ms]
2024-11-17 02:10:41.458 [info] > git -c user.useConfigOnly=true commit --quiet [11ms]
2024-11-17 02:10:41.466 [info] > git config --get-all user.name [1ms]
2024-11-17 02:10:41.473 [info] > git config --get-all user.email [2ms]
2024-11-17 02:10:41.487 [info] > git config --get commit.template [7ms]
2024-11-17 02:10:41.488 [info] > git for-each-ref --format=%(refname)%00%(upstream:short)%00%(objectname)%00%(upstream:track)%00%(upstream:remotename)%00%(upstream:remoteref) refs/heads/main refs/remotes/main [2ms]
2024-11-17 02:10:41.502 [info] > git status -z -uall [7ms]
2024-11-17 02:10:41.503 [info] > git for-each-ref --sort -committerdate --format %(refname) %(objectname) %(*objectname) [1ms]
2024-11-17 02:10:43.730 [info] > git ls-files --stage -- /home/contessa/archdots/fuzzel/fuzzel-default.ini [8ms]
2024-11-17 02:10:43.742 [info] > git config --get commit.template [13ms]
2024-11-17 02:10:43.742 [info] > git cat-file -s c62eeb1148e20b44c9ec3ec18d3fc314ee357991 [6ms]
2024-11-17 02:10:43.744 [info] > git for-each-ref --format=%(refname)%00%(upstream:short)%00%(objectname)%00%(upstream:track)%00%(upstream:remotename)%00%(upstream:remoteref) refs/heads/main refs/remotes/main [3ms]
2024-11-17 02:10:43.762 [info] > git show --textconv :fuzzel/fuzzel-default.ini [13ms]
2024-11-17 02:10:43.762 [info] > git status -z -uall [8ms]
2024-11-17 02:10:43.762 [info] > git for-each-ref --sort -committerdate --format %(refname) %(objectname) %(*objectname) [3ms]
2024-11-17 02:10:45.158 [info] > git diff-tree -r --name-status -z --diff-filter=ADMR 3a72ab1076aa3eb811739e5109aca64ce68c90b4 930a991c6d68ff80e274da67eb35ea372e2d8557 [3ms]
2024-11-17 02:10:45.233 [info] > git show --textconv 3a72ab1076aa3eb811739e5109aca64ce68c90b4:grub-theme/bsol [40ms]
2024-11-17 02:10:45.233 [info] > git show --textconv 930a991c6d68ff80e274da67eb35ea372e2d8557:grub-theme/bsol [34ms]
2024-11-17 02:10:45.233 [info] > git show --textconv 3a72ab1076aa3eb811739e5109aca64ce68c90b4:grub/themes/bsol [29ms]
2024-11-17 02:10:45.233 [info] > git show --textconv 930a991c6d68ff80e274da67eb35ea372e2d8557:grub/themes/bsol [21ms]
2024-11-17 02:10:45.233 [info] > git ls-tree -l 3a72ab1076aa3eb811739e5109aca64ce68c90b4 -- /home/contessa/archdots/grub/themes/bsol [6ms]
2024-11-17 02:10:45.234 [info] > git ls-tree -l 930a991c6d68ff80e274da67eb35ea372e2d8557 -- /home/contessa/archdots/grub-theme/bsol [12ms]
2024-11-17 02:10:45.235 [info] > git ls-tree -l 3a72ab1076aa3eb811739e5109aca64ce68c90b4 -- /home/contessa/archdots/grub-theme/bsol [17ms]
2024-11-17 02:10:45.238 [info] > git ls-tree -l 930a991c6d68ff80e274da67eb35ea372e2d8557 -- /home/contessa/archdots/grub/themes/bsol [6ms]
2024-11-17 02:10:45.744 [info] > git check-ignore -v -z --stdin [1ms]
2024-11-17 02:10:49.022 [info] > git show --textconv 930a991c6d68ff80e274da67eb35ea372e2d8557:grub-theme/bsol [28ms]
2024-11-17 02:10:49.022 [info] > git show --textconv 3a72ab1076aa3eb811739e5109aca64ce68c90b4:grub/themes/bsol [21ms]
2024-11-17 02:10:49.023 [info] > git ls-tree -l 930a991c6d68ff80e274da67eb35ea372e2d8557 -- /home/contessa/archdots/grub-theme/bsol [7ms]
2024-11-17 02:10:49.023 [info] > git ls-tree -l 3a72ab1076aa3eb811739e5109aca64ce68c90b4 -- /home/contessa/archdots/grub-theme/bsol [15ms]
2024-11-17 02:10:49.032 [info] > git ls-tree -l 3a72ab1076aa3eb811739e5109aca64ce68c90b4 -- /home/contessa/archdots/grub/themes/bsol [11ms]
2024-11-17 02:10:49.033 [info] > git ls-tree -l 930a991c6d68ff80e274da67eb35ea372e2d8557 -- /home/contessa/archdots/grub/themes/bsol [2ms]
2024-11-17 02:10:51.330 [info] > git show --textconv 930a991c6d68ff80e274da67eb35ea372e2d8557:grub-theme/bsol [32ms]
2024-11-17 02:10:51.330 [info] > git show --textconv 3a72ab1076aa3eb811739e5109aca64ce68c90b4:grub/themes/bsol [26ms]
2024-11-17 02:10:51.330 [info] > git ls-tree -l 3a72ab1076aa3eb811739e5109aca64ce68c90b4 -- /home/contessa/archdots/grub/themes/bsol [8ms]
2024-11-17 02:10:51.331 [info] > git ls-tree -l 930a991c6d68ff80e274da67eb35ea372e2d8557 -- /home/contessa/archdots/grub-theme/bsol [13ms]
2024-11-17 02:10:51.331 [info] > git ls-tree -l 3a72ab1076aa3eb811739e5109aca64ce68c90b4 -- /home/contessa/archdots/grub-theme/bsol [20ms]
2024-11-17 02:10:51.332 [info] > git ls-tree -l 930a991c6d68ff80e274da67eb35ea372e2d8557 -- /home/contessa/archdots/grub/themes/bsol [4ms]
2024-11-17 02:10:55.510 [info] > git config --get commit.template [5ms]
2024-11-17 02:10:55.511 [info] > git for-each-ref --format=%(refname)%00%(upstream:short)%00%(objectname)%00%(upstream:track)%00%(upstream:remotename)%00%(upstream:remoteref) refs/heads/main refs/remotes/main [1ms]
2024-11-17 02:10:55.520 [info] > git status -z -uall [5ms]
2024-11-17 02:10:55.520 [info] > git for-each-ref --sort -committerdate --format %(refname) %(objectname) %(*objectname) [1ms]
2024-11-17 02:11:03.046 [info] > git log --format=%H%n%aN%n%aE%n%at%n%ct%n%P%n%D%n%B -z --shortstat --diff-merges=first-parent -n50 --skip=0 --topo-order --decorate=full --stdin [3ms]
2024-11-17 02:11:07.814 [info] > git add -A -- . [2ms]
2024-11-17 02:11:07.824 [info] > git -c user.useConfigOnly=true commit --quiet --allow-empty-message --file - [4ms]
2024-11-17 02:11:07.829 [info] > git config --get commit.template [1ms]
2024-11-17 02:11:07.835 [info] > git config --get commit.template [1ms]
2024-11-17 02:11:07.842 [info] > git for-each-ref --format=%(refname)%00%(upstream:short)%00%(objectname)%00%(upstream:track)%00%(upstream:remotename)%00%(upstream:remoteref) refs/heads/main refs/remotes/main [3ms]
2024-11-17 02:11:07.854 [info] > git status -z -uall [6ms]
2024-11-17 02:11:07.854 [info] > git for-each-ref --sort -committerdate --format %(refname) %(objectname) %(*objectname) [1ms]
2024-11-17 02:11:07.864 [info] > git merge-base refs/heads/main refs/remotes/origin/main [2ms]
2024-11-17 02:11:07.873 [info] > git diff --name-status -z --diff-filter=ADMR adafd38476013f7d87c3027d542b65e2a95b18e6...refs/remotes/origin/main [4ms]
2024-11-17 02:11:07.877 [info] > git log --format=%H%n%aN%n%aE%n%at%n%ct%n%P%n%D%n%B -z --shortstat --diff-merges=first-parent -n50 --skip=0 --topo-order --decorate=full --stdin [5ms]
2024-11-17 02:11:07.887 [info] > git config --get commit.template [4ms]
2024-11-17 02:11:07.888 [info] > git for-each-ref --format=%(refname)%00%(upstream:short)%00%(objectname)%00%(upstream:track)%00%(upstream:remotename)%00%(upstream:remoteref) refs/heads/main refs/remotes/main [1ms]
2024-11-17 02:11:07.897 [info] > git status -z -uall [5ms]
2024-11-17 02:11:07.897 [info] > git for-each-ref --sort -committerdate --format %(refname) %(objectname) %(*objectname) [2ms]
2024-11-17 02:11:09.038 [info] > git show --textconv 930a991c6d68ff80e274da67eb35ea372e2d8557:grub-theme/bsol [32ms]
2024-11-17 02:11:09.038 [info] > git show --textconv 3a72ab1076aa3eb811739e5109aca64ce68c90b4:grub/themes/bsol [26ms]
2024-11-17 02:11:09.038 [info] > git ls-tree -l 3a72ab1076aa3eb811739e5109aca64ce68c90b4 -- /home/contessa/archdots/grub/themes/bsol [8ms]
2024-11-17 02:11:09.039 [info] > git ls-tree -l 930a991c6d68ff80e274da67eb35ea372e2d8557 -- /home/contessa/archdots/grub-theme/bsol [15ms]
2024-11-17 02:11:09.039 [info] > git ls-tree -l 3a72ab1076aa3eb811739e5109aca64ce68c90b4 -- /home/contessa/archdots/grub-theme/bsol [21ms]
2024-11-17 02:11:09.042 [info] > git ls-tree -l 930a991c6d68ff80e274da67eb35ea372e2d8557 -- /home/contessa/archdots/grub/themes/bsol [5ms]
2024-11-17 02:11:09.058 [info] > git show --textconv 3a72ab1076aa3eb811739e5109aca64ce68c90b4:grub-theme/bsol [8ms]
2024-11-17 02:11:09.059 [info] > git show --textconv 930a991c6d68ff80e274da67eb35ea372e2d8557:grub/themes/bsol [2ms]
2024-11-17 02:11:10.014 [info] > git config --get commit.template [7ms]
2024-11-17 02:11:10.015 [info] > git for-each-ref --format=%(refname)%00%(upstream:short)%00%(objectname)%00%(upstream:track)%00%(upstream:remotename)%00%(upstream:remoteref) refs/heads/main refs/remotes/main [2ms]
2024-11-17 02:11:10.029 [info] > git status -z -uall [7ms]
2024-11-17 02:11:10.031 [info] > git for-each-ref --sort -committerdate --format %(refname) %(objectname) %(*objectname) [2ms]
2024-11-17 02:11:12.452 [info] > git log --oneline --cherry main...main@{upstream} -- [2ms]
2024-11-17 02:11:12.768 [info] > git pull --tags origin main [310ms]
2024-11-17 02:11:12.768 [info] From https://github.com/ShadowPlagueXx/archdots
 * branch            main       -> FETCH_HEAD
2024-11-17 02:11:13.704 [info] > git push origin main:main [929ms]
2024-11-17 02:11:13.704 [info] To https://github.com/ShadowPlagueXx/archdots.git
   adafd38..924550b  main -> main
2024-11-17 02:11:13.719 [info] > git config --get commit.template [7ms]
2024-11-17 02:11:13.720 [info] > git for-each-ref --format=%(refname)%00%(upstream:short)%00%(objectname)%00%(upstream:track)%00%(upstream:remotename)%00%(upstream:remoteref) refs/heads/main refs/remotes/main [2ms]
2024-11-17 02:11:13.733 [info] > git status -z -uall [6ms]
2024-11-17 02:11:13.735 [info] > git for-each-ref --sort -committerdate --format %(refname) %(objectname) %(*objectname) [1ms]
2024-11-17 02:11:13.746 [info] > git merge-base refs/heads/main refs/remotes/origin/main [2ms]
2024-11-17 02:11:13.756 [info] > git diff --name-status -z --diff-filter=ADMR 924550b4722c9b31019bdd724d34570938c57f3f...refs/remotes/origin/main [5ms]
2024-11-17 02:11:13.760 [info] > git log --format=%H%n%aN%n%aE%n%at%n%ct%n%P%n%D%n%B -z --shortstat --diff-merges=first-parent -n50 --skip=0 --topo-order --decorate=full --stdin [5ms]
2024-11-17 02:11:14.915 [info] > git show --textconv 930a991c6d68ff80e274da67eb35ea372e2d8557:grub-theme/bsol [28ms]
2024-11-17 02:11:14.915 [info] > git show --textconv 3a72ab1076aa3eb811739e5109aca64ce68c90b4:grub/themes/bsol [22ms]
2024-11-17 02:11:14.915 [info] > git ls-tree -l 3a72ab1076aa3eb811739e5109aca64ce68c90b4 -- /home/contessa/archdots/grub/themes/bsol [6ms]
2024-11-17 02:11:14.916 [info] > git ls-tree -l 930a991c6d68ff80e274da67eb35ea372e2d8557 -- /home/contessa/archdots/grub-theme/bsol [12ms]
2024-11-17 02:11:14.916 [info] > git ls-tree -l 3a72ab1076aa3eb811739e5109aca64ce68c90b4 -- /home/contessa/archdots/grub-theme/bsol [18ms]
2024-11-17 02:11:14.922 [info] > git show --textconv 3a72ab1076aa3eb811739e5109aca64ce68c90b4:grub-theme/bsol [1ms]
2024-11-17 02:11:14.922 [info] > git ls-tree -l 930a991c6d68ff80e274da67eb35ea372e2d8557 -- /home/contessa/archdots/grub/themes/bsol [8ms]
2024-11-17 02:11:14.929 [info] > git show --textconv 930a991c6d68ff80e274da67eb35ea372e2d8557:grub/themes/bsol [1ms]
2024-11-17 02:11:15.049 [info] > git config --get commit.template [7ms]
2024-11-17 02:11:15.050 [info] > git for-each-ref --format=%(refname)%00%(upstream:short)%00%(objectname)%00%(upstream:track)%00%(upstream:remotename)%00%(upstream:remoteref) refs/heads/main refs/remotes/main [2ms]
2024-11-17 02:11:15.064 [info] > git status -z -uall [7ms]
2024-11-17 02:11:15.065 [info] > git for-each-ref --sort -committerdate --format %(refname) %(objectname) %(*objectname) [2ms]
