2024-11-16 20:46:44.485 [info] Reading sessions from keychain...
2024-11-16 20:46:44.485 [info] Getting sessions for all scopes...
2024-11-16 20:46:44.485 [info] Getting sessions for all scopes...
2024-11-16 20:46:44.485 [info] Getting sessions for all scopes...
2024-11-16 20:46:44.485 [info] Got stored sessions!
2024-11-16 20:46:44.485 [info] Got 1 verified sessions.
2024-11-16 20:46:44.485 [info] Got 1 sessions for ...
2024-11-16 20:46:44.485 [info] Got 1 sessions for ...
2024-11-16 20:46:44.485 [info] Got 1 sessions for ...
2024-11-16 20:46:44.488 [info] Getting sessions for read:user,repo,user:email,workflow...
2024-11-16 20:46:44.488 [info] Got 1 sessions for read:user,repo,user:email,workflow...
2024-11-16 20:46:44.824 [info] Getting sessions for read:user,repo,user:email,workflow...
2024-11-16 20:46:44.824 [info] Got 1 sessions for read:user,repo,user:email,workflow...
2024-11-16 20:46:46.445 [info] Getting sessions for all scopes...
2024-11-16 20:46:46.445 [info] Got 1 sessions for ...
2024-11-16 20:47:00.335 [info] Reading sessions from keychain...
2024-11-16 20:47:00.335 [info] Getting sessions for all scopes...
2024-11-16 20:47:00.335 [info] Getting sessions for all scopes...
2024-11-16 20:47:00.335 [info] Getting sessions for all scopes...
2024-11-16 20:47:00.335 [info] Got stored sessions!
2024-11-16 20:47:00.335 [info] Got 1 verified sessions.
2024-11-16 20:47:00.335 [info] Got 1 sessions for ...
2024-11-16 20:47:00.335 [info] Got 1 sessions for ...
2024-11-16 20:47:00.335 [info] Got 1 sessions for ...
2024-11-16 20:47:00.335 [info] Getting sessions for read:user,repo,user:email,workflow...
2024-11-16 20:47:00.335 [info] Got 1 sessions for read:user,repo,user:email,workflow...
2024-11-16 20:47:00.591 [info] Getting sessions for read:user,repo,user:email,workflow...
2024-11-16 20:47:00.591 [info] Got 1 sessions for read:user,repo,user:email,workflow...
2024-11-16 20:47:02.477 [info] Getting sessions for all scopes...
2024-11-16 20:47:02.477 [info] Got 1 sessions for ...
