2024-11-17 02:04:16.764 [info] [main] Log level: Info
2024-11-17 02:04:16.764 [info] [main] Validating found git in: "git"
2024-11-17 02:04:16.764 [info] [main] Using git "2.47.0" from "git"
2024-11-17 02:04:16.764 [info] [Model][doInitialScan] Initial repository scan started
2024-11-17 02:04:16.764 [info] > git rev-parse --show-toplevel [2ms]
2024-11-17 02:04:16.764 [info] > git rev-parse --git-dir --git-common-dir [18ms]
2024-11-17 02:04:16.764 [info] [Model][openRepository] Opened repository: /home/contessa/archdots
2024-11-17 02:04:16.771 [info] > git config --get commit.template [3ms]
2024-11-17 02:04:16.780 [info] > git for-each-ref --format=%(refname)%00%(upstream:short)%00%(objectname)%00%(upstream:track)%00%(upstream:remotename)%00%(upstream:remoteref) refs/heads/main refs/remotes/main [5ms]
2024-11-17 02:04:16.780 [info] > git rev-parse --show-toplevel [1ms]
2024-11-17 02:04:16.792 [info] > git status -z -uall [5ms]
2024-11-17 02:04:16.793 [info] > git rev-parse --show-toplevel [9ms]
2024-11-17 02:04:16.796 [info] > git for-each-ref --sort -committerdate --format %(refname) %(objectname) %(*objectname) [5ms]
2024-11-17 02:04:16.808 [info] > git for-each-ref --format=%(refname)%00%(upstream:short)%00%(objectname)%00%(upstream:track)%00%(upstream:remotename)%00%(upstream:remoteref) refs/heads/main refs/remotes/main [5ms]
2024-11-17 02:04:16.812 [info] > git rev-parse --show-toplevel [16ms]
2024-11-17 02:04:16.816 [info] > git config --local branch.main.vscode-merge-base [5ms]
2024-11-17 02:04:16.820 [info] > git config --get commit.template [13ms]
2024-11-17 02:04:16.821 [info] > git for-each-ref --format=%(refname)%00%(upstream:short)%00%(objectname)%00%(upstream:track)%00%(upstream:remotename)%00%(upstream:remoteref) refs/heads/origin/main refs/remotes/origin/main [1ms]
2024-11-17 02:04:16.831 [info] > git rev-parse --show-toplevel [16ms]
2024-11-17 02:04:16.837 [info] > git merge-base refs/heads/main refs/remotes/origin/main [12ms]
2024-11-17 02:04:16.864 [info] > git diff --name-status -z --diff-filter=ADMR adafd38476013f7d87c3027d542b65e2a95b18e6...refs/remotes/origin/main [24ms]
2024-11-17 02:04:16.864 [info] > git rev-parse --show-toplevel [27ms]
2024-11-17 02:04:16.864 [info] > git for-each-ref --format=%(refname)%00%(upstream:short)%00%(objectname)%00%(upstream:track)%00%(upstream:remotename)%00%(upstream:remoteref) refs/heads/main refs/remotes/main [30ms]
2024-11-17 02:04:16.888 [info] > git rev-parse --show-toplevel [2ms]
2024-11-17 02:04:16.900 [info] > git status -z -uall [5ms]
2024-11-17 02:04:16.900 [info] > git rev-parse --show-toplevel [9ms]
2024-11-17 02:04:16.946 [info] > git for-each-ref --sort -committerdate --format %(refname) %(objectname) %(*objectname) [47ms]
2024-11-17 02:04:16.955 [info] > git rev-parse --show-toplevel [11ms]
2024-11-17 02:04:16.960 [info] > git rev-parse --show-toplevel [1ms]
2024-11-17 02:04:16.965 [info] > git rev-parse --show-toplevel [1ms]
2024-11-17 02:04:16.969 [info] > git rev-parse --show-toplevel [1ms]
2024-11-17 02:04:16.971 [info] [Model][doInitialScan] Initial repository scan completed - repositories (1), closed repositories (0), parent repositories (0), unsafe repositories (0)
2024-11-17 02:04:17.004 [info] > git fetch [254ms]
2024-11-17 02:04:17.012 [info] > git config --get commit.template [4ms]
2024-11-17 02:04:17.013 [info] > git for-each-ref --format=%(refname)%00%(upstream:short)%00%(objectname)%00%(upstream:track)%00%(upstream:remotename)%00%(upstream:remoteref) refs/heads/main refs/remotes/main [1ms]
2024-11-17 02:04:17.019 [info] > git status -z -uall [3ms]
2024-11-17 02:04:17.020 [info] > git for-each-ref --sort -committerdate --format %(refname) %(objectname) %(*objectname) [1ms]
2024-11-17 02:04:17.077 [info] > git show --textconv :README.md [4ms]
2024-11-17 02:04:17.078 [info] > git ls-files --stage -- /home/contessa/archdots/README.md [1ms]
2024-11-17 02:04:17.081 [info] > git cat-file -s de41873c4ead8802ec2dbb157e6e23658d5163a1 [1ms]
2024-11-17 02:04:17.280 [info] > git check-ignore -v -z --stdin [1ms]
2024-11-17 02:04:18.097 [info] > git config --get commit.template [7ms]
2024-11-17 02:04:18.098 [info] > git for-each-ref --format=%(refname)%00%(upstream:short)%00%(objectname)%00%(upstream:track)%00%(upstream:remotename)%00%(upstream:remoteref) refs/heads/main refs/remotes/main [2ms]
2024-11-17 02:04:18.110 [info] > git status -z -uall [6ms]
2024-11-17 02:04:18.112 [info] > git for-each-ref --sort -committerdate --format %(refname) %(objectname) %(*objectname) [2ms]
2024-11-17 02:04:18.194 [info] > git ls-files --stage -- /home/contessa/archdots/README.md [1ms]
2024-11-17 02:04:18.202 [info] > git cat-file -s de41873c4ead8802ec2dbb157e6e23658d5163a1 [2ms]
2024-11-17 02:04:18.210 [info] > git show --textconv :README.md [2ms]
2024-11-17 02:04:18.293 [info] > git log --format=%H%n%aN%n%aE%n%at%n%ct%n%P%n%D%n%B -z --shortstat --diff-merges=first-parent -n50 --skip=0 --topo-order --decorate=full --stdin [11ms]
2024-11-17 02:04:18.858 [info] > git check-ignore -v -z --stdin [2ms]
2024-11-17 02:04:35.460 [info] > git config --get commit.template [6ms]
2024-11-17 02:04:35.461 [info] > git for-each-ref --format=%(refname)%00%(upstream:short)%00%(objectname)%00%(upstream:track)%00%(upstream:remotename)%00%(upstream:remoteref) refs/heads/main refs/remotes/main [2ms]
2024-11-17 02:04:35.474 [info] > git status -z -uall [7ms]
2024-11-17 02:04:35.475 [info] > git for-each-ref --sort -committerdate --format %(refname) %(objectname) %(*objectname) [2ms]
2024-11-17 02:04:58.099 [info] > git config --get commit.template [4ms]
2024-11-17 02:04:58.099 [info] > git for-each-ref --format=%(refname)%00%(upstream:short)%00%(objectname)%00%(upstream:track)%00%(upstream:remotename)%00%(upstream:remoteref) refs/heads/main refs/remotes/main [1ms]
2024-11-17 02:04:58.107 [info] > git status -z -uall [4ms]
2024-11-17 02:04:58.108 [info] > git for-each-ref --sort -committerdate --format %(refname) %(objectname) %(*objectname) [1ms]
2024-11-17 02:05:50.102 [info] > git config --get commit.template [8ms]
2024-11-17 02:05:50.103 [info] > git for-each-ref --format=%(refname)%00%(upstream:short)%00%(objectname)%00%(upstream:track)%00%(upstream:remotename)%00%(upstream:remoteref) refs/heads/main refs/remotes/main [2ms]
2024-11-17 02:05:50.116 [info] > git status -z -uall [6ms]
2024-11-17 02:05:50.118 [info] > git for-each-ref --sort -committerdate --format %(refname) %(objectname) %(*objectname) [3ms]
2024-11-17 02:06:07.233 [info] > git config --get commit.template [4ms]
2024-11-17 02:06:07.233 [info] > git for-each-ref --format=%(refname)%00%(upstream:short)%00%(objectname)%00%(upstream:track)%00%(upstream:remotename)%00%(upstream:remoteref) refs/heads/main refs/remotes/main [1ms]
2024-11-17 02:06:07.240 [info] > git status -z -uall [3ms]
2024-11-17 02:06:07.241 [info] > git for-each-ref --sort -committerdate --format %(refname) %(objectname) %(*objectname) [1ms]
2024-11-17 02:06:28.328 [info] > git config --get commit.template [7ms]
2024-11-17 02:06:28.329 [info] > git for-each-ref --format=%(refname)%00%(upstream:short)%00%(objectname)%00%(upstream:track)%00%(upstream:remotename)%00%(upstream:remoteref) refs/heads/main refs/remotes/main [2ms]
2024-11-17 02:06:28.342 [info] > git status -z -uall [6ms]
2024-11-17 02:06:28.343 [info] > git for-each-ref --sort -committerdate --format %(refname) %(objectname) %(*objectname) [2ms]
2024-11-17 02:06:30.685 [info] > git show --textconv HEAD:.zshrc [4ms]
2024-11-17 02:06:30.686 [info] > git ls-tree -l HEAD -- /home/contessa/archdots/.zshrc [1ms]
2024-11-17 02:06:37.070 [info] > git show --textconv HEAD:fastfetch/config.jsonc [8ms]
2024-11-17 02:06:37.071 [info] > git ls-tree -l HEAD -- /home/contessa/archdots/fastfetch/config.jsonc [2ms]
2024-11-17 02:06:37.829 [info] > git show --textconv HEAD:fuzzel/fuzzel-clip.ini [6ms]
2024-11-17 02:06:37.830 [info] > git ls-tree -l HEAD -- /home/contessa/archdots/fuzzel/fuzzel-clip.ini [1ms]
2024-11-17 02:06:39.733 [info] > git show --textconv HEAD:fuzzel/fuzzel-default.ini [5ms]
2024-11-17 02:06:39.734 [info] > git ls-tree -l HEAD -- /home/contessa/archdots/fuzzel/fuzzel-default.ini [2ms]
2024-11-17 02:06:42.017 [info] > git check-ignore -v -z --stdin [1ms]
2024-11-17 02:06:52.622 [info] > git check-ignore -v -z --stdin [1ms]
2024-11-17 02:06:56.118 [info] > git check-ignore -v -z --stdin [1ms]
2024-11-17 02:07:01.502 [info] > git check-ignore -v -z --stdin [1ms]
2024-11-17 02:07:03.085 [info] > git show --textconv :fuzzel/fuzzel-clip.ini [7ms]
2024-11-17 02:07:03.086 [info] > git ls-files --stage -- /home/contessa/archdots/fuzzel/fuzzel-clip.ini [1ms]
2024-11-17 02:07:07.977 [info] > git log --format=%H%n%aN%n%aE%n%at%n%ct%n%P%n%D%n%B -z --shortstat --diff-merges=first-parent -n50 --skip=0 --topo-order --decorate=full --stdin [4ms]
2024-11-17 02:07:17.305 [info] > git fetch [273ms]
2024-11-17 02:07:17.316 [info] > git config --get commit.template [5ms]
2024-11-17 02:07:17.316 [info] > git for-each-ref --format=%(refname)%00%(upstream:short)%00%(objectname)%00%(upstream:track)%00%(upstream:remotename)%00%(upstream:remoteref) refs/heads/main refs/remotes/main [1ms]
2024-11-17 02:07:17.330 [info] > git status -z -uall [6ms]
2024-11-17 02:07:17.331 [info] > git for-each-ref --sort -committerdate --format %(refname) %(objectname) %(*objectname) [2ms]
2024-11-17 02:07:18.446 [info] > git config --get commit.template [7ms]
2024-11-17 02:07:18.447 [info] > git for-each-ref --format=%(refname)%00%(upstream:short)%00%(objectname)%00%(upstream:track)%00%(upstream:remotename)%00%(upstream:remoteref) refs/heads/main refs/remotes/main [1ms]
2024-11-17 02:07:18.462 [info] > git status -z -uall [8ms]
2024-11-17 02:07:18.462 [info] > git for-each-ref --sort -committerdate --format %(refname) %(objectname) %(*objectname) [2ms]
2024-11-17 02:07:18.540 [info] > git ls-files --stage -- /home/contessa/archdots/fuzzel/fuzzel-clip.ini [2ms]
2024-11-17 02:07:18.549 [info] > git show --textconv :fuzzel/fuzzel-clip.ini [1ms]
2024-11-17 02:07:23.478 [info] > git config --get commit.template [7ms]
2024-11-17 02:07:23.479 [info] > git for-each-ref --format=%(refname)%00%(upstream:short)%00%(objectname)%00%(upstream:track)%00%(upstream:remotename)%00%(upstream:remoteref) refs/heads/main refs/remotes/main [2ms]
2024-11-17 02:07:23.492 [info] > git status -z -uall [7ms]
2024-11-17 02:07:23.493 [info] > git for-each-ref --sort -committerdate --format %(refname) %(objectname) %(*objectname) [2ms]
2024-11-17 02:07:46.285 [info] > git add -A -- . [8ms]
2024-11-17 02:07:46.285 [info] warning: adding embedded git repository: grub/themes/bsol
hint: You've added another git repository inside your current repository.
hint: Clones of the outer repository will not contain the contents of
hint: the embedded repository and will not know how to obtain it.
hint: If you meant to add a submodule, use:
hint:
hint: 	git submodule add <url> grub/themes/bsol
hint:
hint: If you added this path by mistake, you can remove it from the
hint: index with:
hint:
hint: 	git rm --cached grub/themes/bsol
hint:
hint: See "git help submodule" for more information.
hint: Disable this message with "git config advice.addEmbeddedRepo false"
2024-11-17 02:07:46.294 [info] > git -c user.useConfigOnly=true commit --quiet --allow-empty-message --file - [4ms]
2024-11-17 02:07:46.300 [info] > git config --get commit.template [1ms]
2024-11-17 02:07:46.306 [info] > git config --get commit.template [1ms]
2024-11-17 02:07:46.313 [info] > git for-each-ref --format=%(refname)%00%(upstream:short)%00%(objectname)%00%(upstream:track)%00%(upstream:remotename)%00%(upstream:remoteref) refs/heads/main refs/remotes/main [2ms]
2024-11-17 02:07:46.325 [info] > git for-each-ref --sort -committerdate --format %(refname) %(objectname) %(*objectname) [1ms]
2024-11-17 02:07:46.327 [info] > git status -z -uall [8ms]
2024-11-17 02:07:46.336 [info] > git merge-base refs/heads/main refs/remotes/origin/main [2ms]
2024-11-17 02:07:46.342 [info] > git diff --name-status -z --diff-filter=ADMR adafd38476013f7d87c3027d542b65e2a95b18e6...refs/remotes/origin/main [1ms]
2024-11-17 02:07:46.357 [info] > git log --format=%H%n%aN%n%aE%n%at%n%ct%n%P%n%D%n%B -z --shortstat --diff-merges=first-parent -n50 --skip=0 --topo-order --decorate=full --stdin [6ms]
2024-11-17 02:07:46.358 [info] > git config --get commit.template [1ms]
2024-11-17 02:07:46.363 [info] > git for-each-ref --format=%(refname)%00%(upstream:short)%00%(objectname)%00%(upstream:track)%00%(upstream:remotename)%00%(upstream:remoteref) refs/heads/main refs/remotes/main [1ms]
2024-11-17 02:07:46.371 [info] > git for-each-ref --sort -committerdate --format %(refname) %(objectname) %(*objectname) [0ms]
2024-11-17 02:07:46.372 [info] > git status -z -uall [4ms]
2024-11-17 02:07:46.990 [info] > git check-ignore -v -z --stdin [1ms]
2024-11-17 02:07:47.476 [info] > git ls-files --stage -- /home/contessa/archdots/fuzzel/fuzzel-clip.ini [1ms]
2024-11-17 02:07:47.482 [info] > git cat-file -s d401dbe0cd97880e34285d38985c3fb55c13abd0 [1ms]
2024-11-17 02:07:47.490 [info] > git show --textconv :fuzzel/fuzzel-clip.ini [2ms]
2024-11-17 02:07:48.483 [info] > git config --get commit.template [7ms]
2024-11-17 02:07:48.484 [info] > git for-each-ref --format=%(refname)%00%(upstream:short)%00%(objectname)%00%(upstream:track)%00%(upstream:remotename)%00%(upstream:remoteref) refs/heads/main refs/remotes/main [2ms]
2024-11-17 02:07:48.498 [info] > git for-each-ref --sort -committerdate --format %(refname) %(objectname) %(*objectname) [2ms]
2024-11-17 02:07:48.499 [info] > git status -z -uall [8ms]
2024-11-17 02:08:00.976 [info] > git check-ignore -v -z --stdin [1ms]
2024-11-17 02:08:08.816 [info] > git config --get commit.template [6ms]
2024-11-17 02:08:08.817 [info] > git for-each-ref --format=%(refname)%00%(upstream:short)%00%(objectname)%00%(upstream:track)%00%(upstream:remotename)%00%(upstream:remoteref) refs/heads/main refs/remotes/main [2ms]
2024-11-17 02:08:08.830 [info] > git for-each-ref --sort -committerdate --format %(refname) %(objectname) %(*objectname) [2ms]
2024-11-17 02:08:08.831 [info] > git status -z -uall [8ms]
2024-11-17 02:08:09.917 [info] > git ls-files --stage -- /home/contessa/archdots/fuzzel/fuzzel-clip.ini [1ms]
2024-11-17 02:08:09.924 [info] > git cat-file -s d401dbe0cd97880e34285d38985c3fb55c13abd0 [2ms]
2024-11-17 02:08:09.932 [info] > git show --textconv :fuzzel/fuzzel-clip.ini [2ms]
2024-11-17 02:08:13.852 [info] > git config --get commit.template [6ms]
2024-11-17 02:08:13.853 [info] > git for-each-ref --format=%(refname)%00%(upstream:short)%00%(objectname)%00%(upstream:track)%00%(upstream:remotename)%00%(upstream:remoteref) refs/heads/main refs/remotes/main [2ms]
2024-11-17 02:08:13.867 [info] > git for-each-ref --sort -committerdate --format %(refname) %(objectname) %(*objectname) [2ms]
2024-11-17 02:08:13.869 [info] > git status -z -uall [9ms]
2024-11-17 02:08:20.700 [info] > git log --format=%H%n%aN%n%aE%n%at%n%ct%n%P%n%D%n%B -z --shortstat --diff-merges=first-parent -n50 --skip=0 --topo-order --decorate=full --stdin [5ms]
2024-11-17 02:08:22.561 [info] > git show --textconv HEAD:grub/themes/bsol [4ms]
2024-11-17 02:08:22.562 [info] > git ls-tree -l HEAD -- /home/contessa/archdots/grub/themes/bsol [1ms]
2024-11-17 02:08:23.073 [info] > git check-ignore -v -z --stdin [1ms]
2024-11-17 02:08:36.792 [info] > git log --format=%H%n%aN%n%aE%n%at%n%ct%n%P%n%D%n%B -z --shortstat --diff-merges=first-parent -n50 --skip=0 --topo-order --decorate=full --stdin [4ms]
2024-11-17 02:08:38.537 [info] > git show --textconv HEAD:grub/themes/bsol [7ms]
2024-11-17 02:08:38.538 [info] > git ls-tree -l HEAD -- /home/contessa/archdots/grub/themes/bsol [0ms]
2024-11-17 02:08:38.675 [info] > git show --textconv HEAD:grub/themes/bsol [6ms]
2024-11-17 02:08:38.676 [info] > git ls-tree -l HEAD -- /home/contessa/archdots/grub/themes/bsol [2ms]
2024-11-17 02:08:58.976 [info] > git config --get commit.template [7ms]
2024-11-17 02:08:58.977 [info] > git for-each-ref --format=%(refname)%00%(upstream:short)%00%(objectname)%00%(upstream:track)%00%(upstream:remotename)%00%(upstream:remoteref) refs/heads/main refs/remotes/main [2ms]
2024-11-17 02:08:58.992 [info] > git for-each-ref --sort -committerdate --format %(refname) %(objectname) %(*objectname) [2ms]
2024-11-17 02:08:58.994 [info] > git status -z -uall [10ms]
2024-11-17 02:09:04.017 [info] > git config --get commit.template [7ms]
2024-11-17 02:09:04.018 [info] > git for-each-ref --format=%(refname)%00%(upstream:short)%00%(objectname)%00%(upstream:track)%00%(upstream:remotename)%00%(upstream:remoteref) refs/heads/main refs/remotes/main [2ms]
2024-11-17 02:09:04.031 [info] > git status -z -uall [7ms]
2024-11-17 02:09:04.032 [info] > git for-each-ref --sort -committerdate --format %(refname) %(objectname) %(*objectname) [2ms]
2024-11-17 02:09:09.052 [info] > git config --get commit.template [7ms]
2024-11-17 02:09:09.054 [info] > git for-each-ref --format=%(refname)%00%(upstream:short)%00%(objectname)%00%(upstream:track)%00%(upstream:remotename)%00%(upstream:remoteref) refs/heads/main refs/remotes/main [3ms]
2024-11-17 02:09:09.067 [info] > git status -z -uall [7ms]
2024-11-17 02:09:09.068 [info] > git for-each-ref --sort -committerdate --format %(refname) %(objectname) %(*objectname) [2ms]
2024-11-17 02:09:11.668 [info] > git check-ignore -v -z --stdin [1ms]
2024-11-17 02:09:12.315 [info] > git log --format=%H%n%aN%n%aE%n%at%n%ct%n%P%n%D%n%B -z --shortstat --diff-merges=first-parent -n50 --skip=0 --topo-order --decorate=full --stdin [3ms]
2024-11-17 02:09:18.598 [info] > git check-ignore -v -z --stdin [1ms]
2024-11-17 02:09:25.176 [info] > git show --textconv :grub-theme/bsol/.gitignore [6ms]
2024-11-17 02:09:25.177 [info] > git ls-files --stage -- /home/contessa/archdots/grub-theme/bsol/.gitignore [1ms]
2024-11-17 02:09:29.841 [info] > git check-ignore -v -z --stdin [1ms]
2024-11-17 02:09:35.502 [info] > git log --format=%H%n%aN%n%aE%n%at%n%ct%n%P%n%D%n%B -z --shortstat --diff-merges=first-parent -n50 --skip=0 --topo-order --decorate=full --stdin [5ms]
2024-11-17 02:09:47.324 [info] > git show --textconv :fuzzel/fuzzel-default.ini [6ms]
2024-11-17 02:09:47.325 [info] > git ls-files --stage -- /home/contessa/archdots/fuzzel/fuzzel-default.ini [1ms]
2024-11-17 02:09:47.332 [info] > git cat-file -s c62eeb1148e20b44c9ec3ec18d3fc314ee357991 [1ms]
