2024-11-14 23:25:48.774 [info] Reading sessions from keychain...
2024-11-14 23:25:48.774 [info] Getting sessions for all scopes...
2024-11-14 23:25:48.774 [info] Getting sessions for all scopes...
2024-11-14 23:25:48.774 [info] Getting sessions for all scopes...
2024-11-14 23:25:48.774 [info] Got stored sessions!
2024-11-14 23:25:48.774 [info] Got 1 verified sessions.
2024-11-14 23:25:48.774 [info] Got 1 sessions for ...
2024-11-14 23:25:48.774 [info] Got 1 sessions for ...
2024-11-14 23:25:48.774 [info] Got 1 sessions for ...
2024-11-14 23:25:48.774 [info] Getting sessions for read:user,repo,user:email,workflow...
2024-11-14 23:25:48.774 [info] Got 1 sessions for read:user,repo,user:email,workflow...
2024-11-14 23:25:49.085 [info] Getting sessions for read:user,repo,user:email,workflow...
2024-11-14 23:25:49.085 [info] Got 1 sessions for read:user,repo,user:email,workflow...
2024-11-14 23:25:50.301 [info] Getting sessions for all scopes...
2024-11-14 23:25:50.301 [info] Got 1 sessions for ...
2024-11-15 03:17:49.664 [info] Getting sessions for read:user,repo,user:email,workflow...
2024-11-15 03:17:49.664 [info] Got 1 sessions for read:user,repo,user:email,workflow...
2024-11-15 03:47:46.816 [info] Getting sessions for read:user,repo,user:email,workflow...
2024-11-15 03:47:46.816 [info] Got 1 sessions for read:user,repo,user:email,workflow...
2024-11-15 04:10:22.383 [info] Reading sessions from keychain...
2024-11-15 04:10:22.383 [info] Getting sessions for all scopes...
2024-11-15 04:10:22.383 [info] Getting sessions for all scopes...
2024-11-15 04:10:22.383 [info] Getting sessions for all scopes...
2024-11-15 04:10:22.383 [info] Got stored sessions!
2024-11-15 04:10:22.383 [info] Got 1 verified sessions.
2024-11-15 04:10:22.383 [info] Got 1 sessions for ...
2024-11-15 04:10:22.383 [info] Got 1 sessions for ...
2024-11-15 04:10:22.383 [info] Got 1 sessions for ...
2024-11-15 04:10:22.383 [info] Getting sessions for read:user,repo,user:email,workflow...
2024-11-15 04:10:22.383 [info] Got 1 sessions for read:user,repo,user:email,workflow...
2024-11-15 04:10:22.700 [info] Getting sessions for read:user,repo,user:email,workflow...
2024-11-15 04:10:22.700 [info] Got 1 sessions for read:user,repo,user:email,workflow...
2024-11-15 04:10:24.237 [info] Getting sessions for all scopes...
2024-11-15 04:10:24.237 [info] Got 1 sessions for ...
