2024-11-15 12:32:57.364 [info] Added views:outline in workbench.view.explorer
2024-11-15 12:32:57.364 [info] Added views:workbench.view.search in workbench.view.search
2024-11-15 12:32:57.364 [info] Added views:workbench.scm in workbench.view.scm
2024-11-15 12:32:57.364 [info] Added views:workbench.panel.markers.view in workbench.panel.markers
2024-11-15 12:32:57.364 [info] Added views:workbench.panel.output in workbench.panel.output
2024-11-15 12:32:57.364 [info] Added views:terminal in terminal
2024-11-15 12:32:57.364 [info] Added views:timeline in workbench.view.explorer
2024-11-15 12:32:57.364 [info] Added views:workbench.explorer.fileView in workbench.view.explorer
2024-11-15 12:32:57.571 [info] Added views:workbench.debug.welcome in workbench.view.debug
2024-11-15 12:32:57.572 [info] Added views:workbench.debug.breakPointsView in workbench.view.debug
2024-11-15 12:32:58.013 [info] Added views:workbench.panel.repl.view in workbench.panel.repl
2024-11-15 12:32:58.407 [info] Added views:~remote.forwardedPorts in ~remote.forwardedPortsContainer
2024-11-15 12:32:58.985 [info] Added views:workbench.scm.history in workbench.view.scm
2024-11-15 12:33:05.329 [info] Removed views:workbench.scm.history from workbench.view.scm
2024-11-15 12:33:05.774 [info] Added views:outline in workbench.view.explorer
2024-11-15 12:33:05.774 [info] Added views:workbench.view.search in workbench.view.search
2024-11-15 12:33:05.774 [info] Added views:workbench.scm in workbench.view.scm
2024-11-15 12:33:05.774 [info] Added views:workbench.panel.markers.view in workbench.panel.markers
2024-11-15 12:33:05.774 [info] Added views:workbench.panel.output in workbench.panel.output
2024-11-15 12:33:05.774 [info] Added views:terminal in terminal
2024-11-15 12:33:05.774 [info] Added views:timeline in workbench.view.explorer
2024-11-15 12:33:05.774 [info] Added views:workbench.explorer.fileView in workbench.view.explorer
2024-11-15 12:33:05.893 [info] Added views:workbench.debug.welcome in workbench.view.debug
2024-11-15 12:33:06.409 [info] Added views:workbench.panel.repl.view in workbench.panel.repl
2024-11-15 12:33:06.952 [info] Added views:~remote.forwardedPorts in ~remote.forwardedPortsContainer
2024-11-15 12:33:07.290 [info] Added views:workbench.scm.history in workbench.view.scm
2024-11-15 12:49:05.302 [info] Removed views:workbench.scm.history from workbench.view.scm
2024-11-15 12:49:05.851 [info] Added views:outline in workbench.view.explorer
2024-11-15 12:49:05.851 [info] Added views:workbench.view.search in workbench.view.search
2024-11-15 12:49:05.851 [info] Added views:workbench.scm in workbench.view.scm
2024-11-15 12:49:05.851 [info] Added views:workbench.panel.markers.view in workbench.panel.markers
2024-11-15 12:49:05.851 [info] Added views:workbench.panel.output in workbench.panel.output
2024-11-15 12:49:05.851 [info] Added views:terminal in terminal
2024-11-15 12:49:05.851 [info] Added views:timeline in workbench.view.explorer
2024-11-15 12:49:05.851 [info] Added views:workbench.explorer.fileView in workbench.view.explorer
2024-11-15 12:49:06.235 [info] Added views:workbench.debug.variablesView,workbench.debug.watchExpressionsView,workbench.debug.callStackView,workbench.debug.breakPointsView in workbench.view.debug
2024-11-15 12:49:06.338 [info] Added views:~remote.forwardedPorts in ~remote.forwardedPortsContainer
2024-11-15 12:49:06.513 [info] Added views:workbench.panel.repl.view in workbench.panel.repl
2024-11-15 12:49:06.515 [info] Removed views:workbench.debug.breakPointsView,workbench.debug.callStackView,workbench.debug.watchExpressionsView,workbench.debug.variablesView from workbench.view.debug
2024-11-15 12:49:06.516 [info] Added views:workbench.debug.welcome in workbench.view.debug
2024-11-15 12:49:39.482 [info] Added views:outline in workbench.view.explorer
2024-11-15 12:49:39.483 [info] Added views:workbench.view.search in workbench.view.search
2024-11-15 12:49:39.483 [info] Added views:workbench.scm in workbench.view.scm
2024-11-15 12:49:39.483 [info] Added views:workbench.panel.markers.view in workbench.panel.markers
2024-11-15 12:49:39.483 [info] Added views:workbench.panel.output in workbench.panel.output
2024-11-15 12:49:39.483 [info] Added views:terminal in terminal
2024-11-15 12:49:39.483 [info] Added views:timeline in workbench.view.explorer
2024-11-15 12:49:39.483 [info] Added views:workbench.explorer.fileView in workbench.view.explorer
2024-11-15 12:49:39.825 [info] Added views:workbench.debug.variablesView,workbench.debug.watchExpressionsView,workbench.debug.callStackView,workbench.debug.breakPointsView in workbench.view.debug
2024-11-15 12:49:39.859 [info] Added views:~remote.forwardedPorts in ~remote.forwardedPortsContainer
2024-11-15 12:49:40.029 [info] Added views:workbench.panel.repl.view in workbench.panel.repl
2024-11-15 12:49:40.033 [info] Removed views:workbench.debug.breakPointsView,workbench.debug.callStackView,workbench.debug.watchExpressionsView,workbench.debug.variablesView from workbench.view.debug
2024-11-15 12:49:40.034 [info] Added views:workbench.debug.welcome in workbench.view.debug
2024-11-15 12:49:40.322 [info] Added views:workbench.scm.history in workbench.view.scm
2024-11-15 12:55:52.223 [info] Removed views:workbench.scm.history from workbench.view.scm
2024-11-15 12:55:52.625 [info] Added views:outline in workbench.view.explorer
2024-11-15 12:55:52.625 [info] Added views:workbench.view.search in workbench.view.search
2024-11-15 12:55:52.625 [info] Added views:workbench.scm in workbench.view.scm
2024-11-15 12:55:52.625 [info] Added views:workbench.panel.markers.view in workbench.panel.markers
2024-11-15 12:55:52.625 [info] Added views:workbench.panel.output in workbench.panel.output
2024-11-15 12:55:52.625 [info] Added views:terminal in terminal
2024-11-15 12:55:52.625 [info] Added views:timeline in workbench.view.explorer
2024-11-15 12:55:52.625 [info] Added views:workbench.explorer.fileView in workbench.view.explorer
2024-11-15 12:55:52.766 [info] Added views:workbench.debug.welcome in workbench.view.debug
2024-11-15 12:55:53.382 [info] Added views:workbench.panel.repl.view in workbench.panel.repl
2024-11-15 12:55:53.876 [info] Added views:~remote.forwardedPorts in ~remote.forwardedPortsContainer
2024-11-15 12:55:54.209 [info] Added views:workbench.scm.history in workbench.view.scm
