2024-11-14 23:25:47.651 [info] Added views:outline in workbench.view.explorer
2024-11-14 23:25:47.651 [info] Added views:workbench.view.search in workbench.view.search
2024-11-14 23:25:47.651 [info] Added views:workbench.scm in workbench.view.scm
2024-11-14 23:25:47.651 [info] Added views:workbench.panel.markers.view in workbench.panel.markers
2024-11-14 23:25:47.651 [info] Added views:workbench.panel.output in workbench.panel.output
2024-11-14 23:25:47.651 [info] Added views:terminal in terminal
2024-11-14 23:25:47.651 [info] Added views:timeline in workbench.view.explorer
2024-11-14 23:25:47.651 [info] Added views:workbench.explorer.fileView in workbench.view.explorer
2024-11-14 23:25:47.783 [info] Added views:workbench.debug.welcome in workbench.view.debug
2024-11-14 23:25:48.061 [info] Added views:workbench.panel.repl.view in workbench.panel.repl
2024-11-14 23:25:48.262 [info] Added views:~remote.forwardedPorts in ~remote.forwardedPortsContainer
2024-11-14 23:25:48.595 [info] Added views:workbench.scm.history in workbench.view.scm
2024-11-15 04:10:12.977 [info] Removed views:workbench.scm.history from workbench.view.scm
2024-11-15 04:10:21.684 [info] Added views:outline in workbench.view.explorer
2024-11-15 04:10:21.684 [info] Added views:workbench.view.search in workbench.view.search
2024-11-15 04:10:21.684 [info] Added views:workbench.scm in workbench.view.scm
2024-11-15 04:10:21.684 [info] Added views:workbench.panel.markers.view in workbench.panel.markers
2024-11-15 04:10:21.684 [info] Added views:workbench.panel.output in workbench.panel.output
2024-11-15 04:10:21.684 [info] Added views:terminal in terminal
2024-11-15 04:10:21.684 [info] Added views:timeline in workbench.view.explorer
2024-11-15 04:10:21.684 [info] Added views:workbench.explorer.fileView in workbench.view.explorer
2024-11-15 04:10:21.926 [info] Added views:workbench.debug.variablesView,workbench.debug.watchExpressionsView,workbench.debug.callStackView,workbench.debug.breakPointsView in workbench.view.debug
2024-11-15 04:10:21.962 [info] Added views:~remote.forwardedPorts in ~remote.forwardedPortsContainer
2024-11-15 04:10:22.078 [info] Added views:workbench.panel.repl.view in workbench.panel.repl
2024-11-15 04:10:22.079 [info] Removed views:workbench.debug.breakPointsView,workbench.debug.callStackView,workbench.debug.watchExpressionsView,workbench.debug.variablesView from workbench.view.debug
2024-11-15 04:10:22.079 [info] Added views:workbench.debug.welcome in workbench.view.debug
2024-11-15 04:10:22.252 [info] Added views:workbench.scm.history in workbench.view.scm
