2024-11-15 12:11:06.449 [info] Started local extension host with pid 24019.
2024-11-15 12:11:07.135 [info] Settings Sync: Updating due to initialize
2024-11-15 12:11:07.135 [info] Settings Sync: Updating authentication providers. Authentication Providers from store: [{"id":"github","scopes":["user:email"]},{"id":"microsoft","scopes":["openid","profile","email","offline_access"]}]
2024-11-15 12:11:07.135 [info] Settings Sync: Authentication providers updated []
2024-11-15 12:11:07.162 [info] Settings Sync: Updating authentication providers. Authentication Providers from store: [{"id":"github","scopes":["user:email"]},{"id":"microsoft","scopes":["openid","profile","email","offline_access"]}]
2024-11-15 12:11:07.162 [info] Settings Sync: Authentication providers updated ["github"]
2024-11-15 12:11:07.163 [info] Settings Sync: Updating authentication providers. Authentication Providers from store: [{"id":"github","scopes":["user:email"]},{"id":"microsoft","scopes":["openid","profile","email","offline_access"]}]
2024-11-15 12:11:07.163 [info] Settings Sync: Authentication providers updated ["github"]
2024-11-15 12:11:07.163 [info] Settings Sync: Updating authentication providers. Authentication Providers from store: [{"id":"github","scopes":["user:email"]},{"id":"microsoft","scopes":["openid","profile","email","offline_access"]}]
2024-11-15 12:11:07.164 [info] Settings Sync: Authentication providers updated ["github","microsoft"]
2024-11-15 12:11:07.164 [info] Settings Sync: Updating authentication providers. Authentication Providers from store: [{"id":"github","scopes":["user:email"]},{"id":"microsoft","scopes":["openid","profile","email","offline_access"]}]
2024-11-15 12:11:07.164 [info] Settings Sync: Authentication providers updated ["github","microsoft"]
2024-11-15 12:11:07.554 [info] Settings Sync: Updating due to declared authentication providers changed
2024-11-15 12:11:07.554 [info] Settings Sync: Updating authentication providers. Authentication Providers from store: [{"id":"github","scopes":["user:email"]},{"id":"microsoft","scopes":["openid","profile","email","offline_access"]}]
2024-11-15 12:11:07.554 [info] Settings Sync: Authentication providers updated ["github","microsoft"]
2024-11-15 12:11:07.555 [info] Settings Sync: Updating due to declared authentication providers changed
2024-11-15 12:11:07.555 [info] Settings Sync: Updating authentication providers. Authentication Providers from store: [{"id":"github","scopes":["user:email"]},{"id":"microsoft","scopes":["openid","profile","email","offline_access"]}]
2024-11-15 12:11:07.555 [info] Settings Sync: Authentication providers updated ["github","microsoft"]
2024-11-15 12:11:07.569 [info] Settings Sync: Updating authentication providers. Authentication Providers from store: [{"id":"github","scopes":["user:email"]},{"id":"microsoft","scopes":["openid","profile","email","offline_access"]}]
2024-11-15 12:11:07.570 [info] Settings Sync: Authentication providers updated ["github","microsoft"]
2024-11-15 12:11:10.408 [info] [perf] Render performance baseline is 33ms
